[I 2021-05-17 20:49:10,802] Trial 319 finished with value: 0.043916214991341 and parameters: {'hidden_size': 237, 'residual_channel': 191, 'skip_channel': 37, 'dilation_depth': 2, 'BATCH_Size': 104, 'EPOCHS': 1100, 'learning_rate': 3.1996634448832876e-05}. Best is trial 193 with value: 0.04360548906454934.
mae=1.1261,mse=1.8952,r2=0.9230,rmse=1.3767,mape=0.0469
[I 2021-05-17 20:54:24,348] Trial 320 pruned.
mae=1.0734,mse=1.8295,r2=0.9257,rmse=1.3526,mape=0.0440
[I 2021-05-17 20:59:01,392] Trial 321 finished with value: 0.044023872621425875 and parameters: {'hidden_size': 249, 'residual_channel': 198, 'skip_channel': 32, 'dilation_depth': 2, 'BATCH_Size': 109, 'EPOCHS': 1276, 'learning_rate': 2.0701782783925065e-05}. Best is trial 193 with value: 0.04360548906454934.
mae=1.0814,mse=1.8059,r2=0.9266,rmse=1.3439,mape=0.0447
[I 2021-05-17 21:02:25,368] Trial 322 pruned.
mae=1.1386,mse=1.9442,r2=0.9210,rmse=1.3943,mape=0.0474
[I 2021-05-17 21:07:45,228] Trial 323 finished with value: 0.047426643840685984 and parameters: {'hidden_size': 235, 'residual_channel': 256, 'skip_channel': 41, 'dilation_depth': 2, 'BATCH_Size': 104, 'EPOCHS': 1297, 'learning_rate': 4.1541951134508116e-05}. Best is trial 193 with value: 0.04360548906454934.
mae=1.0860,mse=1.8114,r2=0.9264,rmse=1.3459,mape=0.0449
[I 2021-05-17 21:12:35,635] Trial 324 pruned.
mae=1.0938,mse=1.8227,r2=0.9259,rmse=1.3501,mape=0.0453
[I 2021-05-17 21:17:51,398] Trial 325 finished with value: 0.04529436841756405 and parameters: {'hidden_size': 243, 'residual_channel': 238, 'skip_channel': 36, 'dilation_depth': 2, 'BATCH_Size': 95, 'EPOCHS': 1206, 'learning_rate': 1.7713561928892735e-05}. Best is trial 193 with value: 0.04360548906454934.
mae=1.1174,mse=1.8900,r2=0.9232,rmse=1.3748,mape=0.0465
[I 2021-05-17 21:23:10,405] Trial 326 pruned.

Process finished with exit code -1
