[I 2021-05-17 02:10:00,000] Trial 60 finished with value: 0.048449959629297 and parameters: {'hidden_size': 93, 'residual_channel': 159, 'skip_channel': 73, 'dilation_depth': 2, 'BATCH_Size': 194, 'EPOCHS': 1040, 'learning_rate': 0.00010345746532001396}. Best is trial 42 with value: 0.0438470927973728.
mae=1.1116,mse=1.8956,r2=0.9230,rmse=1.3768,mape=0.0463
[I 2021-05-17 02:12:33,929] Trial 61 finished with value: 0.04631597429092172 and parameters: {'hidden_size': 80, 'residual_channel': 176, 'skip_channel': 40, 'dilation_depth': 2, 'BATCH_Size': 159, 'EPOCHS': 1262, 'learning_rate': 0.00022346370334864742}. Best is trial 42 with value: 0.0438470927973728.
mae=1.0781,mse=1.8167,r2=0.9262,rmse=1.3478,mape=0.0444
[I 2021-05-17 02:15:35,539] Trial 62 finished with value: 0.044396852890861295 and parameters: {'hidden_size': 121, 'residual_channel': 194, 'skip_channel': 31, 'dilation_depth': 2, 'BATCH_Size': 182, 'EPOCHS': 1166, 'learning_rate': 5.3726809593424886e-05}. Best is trial 42 with value: 0.0438470927973728.
mae=1.1592,mse=2.2216,r2=0.9097,rmse=1.4905,mape=0.0470
[I 2021-05-17 02:18:44,080] Trial 63 finished with value: 0.04703393614592043 and parameters: {'hidden_size': 153, 'residual_channel': 186, 'skip_channel': 255, 'dilation_depth': 2, 'BATCH_Size': 190, 'EPOCHS': 1130, 'learning_rate': 0.00014896320641711702}. Best is trial 42 with value: 0.0438470927973728.
mae=1.0721,mse=1.8064,r2=0.9266,rmse=1.3440,mape=0.0441
[I 2021-05-17 02:21:47,846] Trial 64 finished with value: 0.04412105409890259 and parameters: {'hidden_size': 120, 'residual_channel': 198, 'skip_channel': 48, 'dilation_depth': 2, 'BATCH_Size': 183, 'EPOCHS': 1180, 'learning_rate': 3.440843681045546e-05}. Best is trial 42 with value: 0.0438470927973728.
mae=1.1074,mse=1.8705,r2=0.9240,rmse=1.3677,mape=0.0459
[I 2021-05-17 02:24:34,437] Trial 65 finished with value: 0.04585149138973787 and parameters: {'hidden_size': 53, 'residual_channel': 174, 'skip_channel': 48, 'dilation_depth': 2, 'BATCH_Size': 150, 'EPOCHS': 1245, 'learning_rate': 3.4032219817774506e-05}. Best is trial 42 with value: 0.0438470927973728.
mae=1.3467,mse=2.6825,r2=0.8910,rmse=1.6378,mape=0.0561
[I 2021-05-17 02:27:43,390] Trial 66 finished with value: 0.0560587650310807 and parameters: {'hidden_size': 65, 'residual_channel': 201, 'skip_channel': 64, 'dilation_depth': 2, 'BATCH_Size': 172, 'EPOCHS': 1313, 'learning_rate': 1.074610271774453e-05}. Best is trial 42 with value: 0.0438470927973728.
mae=1.1038,mse=1.8448,r2=0.9250,rmse=1.3582,mape=0.0457
[I 2021-05-17 02:30:59,970] Trial 67 finished with value: 0.04571548862262658 and parameters: {'hidden_size': 113, 'residual_channel': 187, 'skip_channel': 43, 'dilation_depth': 2, 'BATCH_Size': 164, 'EPOCHS': 1382, 'learning_rate': 2.233650699024531e-05}. Best is trial 42 with value: 0.0438470927973728.
mae=1.1209,mse=1.9024,r2=0.9227,rmse=1.3793,mape=0.0467
[I 2021-05-17 02:33:08,202] Trial 68 finished with value: 0.046702909828183106 and parameters: {'hidden_size': 96, 'residual_channel': 167, 'skip_channel': 54, 'dilation_depth': 2, 'BATCH_Size': 194, 'EPOCHS': 1008, 'learning_rate': 0.0001020246054110955}. Best is trial 42 with value: 0.0438470927973728.
mae=1.1251,mse=1.8977,r2=0.9229,rmse=1.3776,mape=0.0469
[I 2021-05-17 02:36:15,233] Trial 69 finished with value: 0.04691591211797631 and parameters: {'hidden_size': 85, 'residual_channel': 231, 'skip_channel': 84, 'dilation_depth': 2, 'BATCH_Size': 179, 'EPOCHS': 1059, 'learning_rate': 8.19282147793537e-05}. Best is trial 42 with value: 0.0438470927973728.
mae=1.1645,mse=2.0017,r2=0.9187,rmse=1.4148,mape=0.0485
[I 2021-05-17 02:38:05,839] Trial 70 finished with value: 0.048532841971293525 and parameters: {'hidden_size': 126, 'residual_channel': 157, 'skip_channel': 24, 'dilation_depth': 2, 'BATCH_Size': 161, 'EPOCHS': 887, 'learning_rate': 3.8359692721338993e-05}. Best is trial 42 with value: 0.0438470927973728.
mae=1.0664,mse=1.8071,r2=0.9266,rmse=1.3443,mape=0.0437
[I 2021-05-17 02:41:08,453] Trial 71 finished with value: 0.04374238941843573 and parameters: {'hidden_size': 119, 'residual_channel': 195, 'skip_channel': 30, 'dilation_depth': 2, 'BATCH_Size': 181, 'EPOCHS': 1181, 'learning_rate': 6.887381537992885e-05}. Best is trial 71 with value: 0.04374238941843573.
mae=1.0753,mse=1.8185,r2=0.9261,rmse=1.3485,mape=0.0442
[I 2021-05-17 02:44:06,256] Trial 72 finished with value: 0.04422593831992064 and parameters: {'hidden_size': 138, 'residual_channel': 178, 'skip_channel': 40, 'dilation_depth': 2, 'BATCH_Size': 186, 'EPOCHS': 1205, 'learning_rate': 7.45048467004016e-05}. Best is trial 71 with value: 0.04374238941843573.
mae=1.1356,mse=1.9076,r2=0.9225,rmse=1.3811,mape=0.0474
[I 2021-05-17 02:47:37,599] Trial 73 finished with value: 0.0473516005033267 and parameters: {'hidden_size': 108, 'residual_channel': 216, 'skip_channel': 30, 'dilation_depth': 2, 'BATCH_Size': 178, 'EPOCHS': 1364, 'learning_rate': 2.7681527973301104e-05}. Best is trial 71 with value: 0.04374238941843573.
mae=1.2971,mse=2.4775,r2=0.8993,rmse=1.5740,mape=0.0542
[I 2021-05-17 02:50:51,097] Trial 74 finished with value: 0.05416501820908863 and parameters: {'hidden_size': 90, 'residual_channel': 206, 'skip_channel': 59, 'dilation_depth': 2, 'BATCH_Size': 197, 'EPOCHS': 1261, 'learning_rate': 1.7912499680113323e-05}. Best is trial 71 with value: 0.04374238941843573.
mae=1.0739,mse=1.8228,r2=0.9259,rmse=1.3501,mape=0.0442
[I 2021-05-17 02:54:43,227] Trial 75 finished with value: 0.04424869657223176 and parameters: {'hidden_size': 76, 'residual_channel': 197, 'skip_channel': 48, 'dilation_depth': 2, 'BATCH_Size': 148, 'EPOCHS': 1453, 'learning_rate': 0.00012260887930063053}. Best is trial 71 with value: 0.04374238941843573.
mae=1.0855,mse=1.8352,r2=0.9254,rmse=1.3547,mape=0.0449
[I 2021-05-17 02:58:21,432] Trial 76 finished with value: 0.044855321368978865 and parameters: {'hidden_size': 164, 'residual_channel': 180, 'skip_channel': 240, 'dilation_depth': 2, 'BATCH_Size': 133, 'EPOCHS': 1155, 'learning_rate': 6.41236752148119e-05}. Best is trial 71 with value: 0.04374238941843573.
mae=1.1054,mse=1.8525,r2=0.9247,rmse=1.3611,mape=0.0458
[I 2021-05-17 03:01:36,933] Trial 77 finished with value: 0.045820507509842276 and parameters: {'hidden_size': 149, 'residual_channel': 190, 'skip_channel': 39, 'dilation_depth': 2, 'BATCH_Size': 173, 'EPOCHS': 1314, 'learning_rate': 3.9765480309015884e-05}. Best is trial 71 with value: 0.04374238941843573.
mae=1.0993,mse=1.9921,r2=0.9191,rmse=1.4114,mape=0.0450
[I 2021-05-17 03:04:13,522] Trial 78 finished with value: 0.04502663630380217 and parameters: {'hidden_size': 120, 'residual_channel': 211, 'skip_channel': 66, 'dilation_depth': 2, 'BATCH_Size': 184, 'EPOCHS': 952, 'learning_rate': 0.00019715981172216843}. Best is trial 71 with value: 0.04374238941843573.
mae=1.3069,mse=2.5646,r2=0.8958,rmse=1.6014,mape=0.0539
[I 2021-05-17 03:06:54,277] Trial 79 finished with value: 0.05394818665619167 and parameters: {'hidden_size': 19, 'residual_channel': 200, 'skip_channel': 28, 'dilation_depth': 2, 'BATCH_Size': 169, 'EPOCHS': 1215, 'learning_rate': 1.2636977951591841e-05}. Best is trial 71 with value: 0.04374238941843573.
mae=1.0976,mse=1.8460,r2=0.9250,rmse=1.3587,mape=0.0456
[I 2021-05-17 03:11:39,479] Trial 80 finished with value: 0.04557200257827114 and parameters: {'hidden_size': 109, 'residual_channel': 192, 'skip_channel': 51, 'dilation_depth': 3, 'BATCH_Size': 190, 'EPOCHS': 1406, 'learning_rate': 6.791013836744334e-05}. Best is trial 71 with value: 0.04374238941843573.
mae=1.1068,mse=1.8583,r2=0.9245,rmse=1.3632,mape=0.0460
[I 2021-05-17 03:14:41,570] Trial 81 finished with value: 0.04601453073930621 and parameters: {'hidden_size': 137, 'residual_channel': 177, 'skip_channel': 44, 'dilation_depth': 2, 'BATCH_Size': 184, 'EPOCHS': 1206, 'learning_rate': 7.904423370851842e-05}. Best is trial 71 with value: 0.04374238941843573.
mae=1.1339,mse=1.9233,r2=0.9218,rmse=1.3868,mape=0.0473
[I 2021-05-17 03:17:22,709] Trial 82 finished with value: 0.047266588606702534 and parameters: {'hidden_size': 137, 'residual_channel': 147, 'skip_channel': 35, 'dilation_depth': 2, 'BATCH_Size': 187, 'EPOCHS': 1274, 'learning_rate': 4.696717933952619e-05}. Best is trial 71 with value: 0.04374238941843573.
mae=1.1016,mse=2.0213,r2=0.9179,rmse=1.4217,mape=0.0450
[I 2021-05-17 03:20:08,932] Trial 83 finished with value: 0.044968112321889894 and parameters: {'hidden_size': 98, 'residual_channel': 170, 'skip_channel': 41, 'dilation_depth': 2, 'BATCH_Size': 120, 'EPOCHS': 1083, 'learning_rate': 0.0001433512815239949}. Best is trial 71 with value: 0.04374238941843573.
mae=1.1776,mse=2.2919,r2=0.9069,rmse=1.5139,mape=0.0478
[I 2021-05-17 03:23:16,615] Trial 84 finished with value: 0.04777833896241976 and parameters: {'hidden_size': 132, 'residual_channel': 205, 'skip_channel': 57, 'dilation_depth': 2, 'BATCH_Size': 200, 'EPOCHS': 1189, 'learning_rate': 0.00010392408150143419}. Best is trial 71 with value: 0.04374238941843573.
mae=1.0924,mse=1.8830,r2=0.9235,rmse=1.3722,mape=0.0451
[I 2021-05-17 03:25:54,158] Trial 85 finished with value: 0.045134665910417635 and parameters: {'hidden_size': 116, 'residual_channel': 184, 'skip_channel': 31, 'dilation_depth': 2, 'BATCH_Size': 177, 'EPOCHS': 1125, 'learning_rate': 0.00027026137005848423}. Best is trial 71 with value: 0.04374238941843573.
mae=1.1272,mse=1.9020,r2=0.9227,rmse=1.3791,mape=0.0469
[I 2021-05-17 03:28:55,855] Trial 86 finished with value: 0.046907659790889074 and parameters: {'hidden_size': 154, 'residual_channel': 162, 'skip_channel': 41, 'dilation_depth': 2, 'BATCH_Size': 194, 'EPOCHS': 1325, 'learning_rate': 7.463474333890632e-05}. Best is trial 71 with value: 0.04374238941843573.
mae=1.3327,mse=2.6480,r2=0.8924,rmse=1.6273,mape=0.0554
[I 2021-05-17 03:29:43,988] Trial 87 pruned.
mae=1.0978,mse=1.8282,r2=0.9257,rmse=1.3521,mape=0.0454
[I 2021-05-17 03:34:04,973] Trial 88 finished with value: 0.04542531034025269 and parameters: {'hidden_size': 66, 'residual_channel': 223, 'skip_channel': 48, 'dilation_depth': 2, 'BATCH_Size': 139, 'EPOCHS': 1540, 'learning_rate': 2.7170554390738275e-05}. Best is trial 71 with value: 0.04374238941843573.
mae=1.1681,mse=2.0267,r2=0.9176,rmse=1.4236,mape=0.0487
[I 2021-05-17 03:37:58,273] Trial 89 finished with value: 0.048706581211572446 and parameters: {'hidden_size': 128, 'residual_channel': 213, 'skip_channel': 36, 'dilation_depth': 2, 'BATCH_Size': 122, 'EPOCHS': 1242, 'learning_rate': 4.670247792432333e-05}. Best is trial 71 with value: 0.04374238941843573.
mae=1.0836,mse=1.8343,r2=0.9255,rmse=1.3544,mape=0.0447
[I 2021-05-17 03:40:17,886] Trial 90 finished with value: 0.04474804093868959 and parameters: {'hidden_size': 142, 'residual_channel': 189, 'skip_channel': 69, 'dilation_depth': 2, 'BATCH_Size': 103, 'EPOCHS': 794, 'learning_rate': 0.0001215713782936661}. Best is trial 71 with value: 0.04374238941843573.
mae=1.0923,mse=1.8855,r2=0.9234,rmse=1.3731,mape=0.0452
[I 2021-05-17 03:44:07,372] Trial 91 finished with value: 0.045176585585696746 and parameters: {'hidden_size': 75, 'residual_channel': 198, 'skip_channel': 47, 'dilation_depth': 2, 'BATCH_Size': 149, 'EPOCHS': 1420, 'learning_rate': 0.00017713453895961033}. Best is trial 71 with value: 0.04374238941843573.
mae=1.1460,mse=1.9577,r2=0.9204,rmse=1.3992,mape=0.0479
[I 2021-05-17 03:47:52,940] Trial 92 finished with value: 0.04790587331881438 and parameters: {'hidden_size': 89, 'residual_channel': 180, 'skip_channel': 76, 'dilation_depth': 2, 'BATCH_Size': 130, 'EPOCHS': 1444, 'learning_rate': 9.053255121972453e-05}. Best is trial 71 with value: 0.04374238941843573.
mae=1.1161,mse=1.9003,r2=0.9228,rmse=1.3785,mape=0.0466
[I 2021-05-17 03:51:39,216] Trial 93 finished with value: 0.04657673892738355 and parameters: {'hidden_size': 40, 'residual_channel': 217, 'skip_channel': 61, 'dilation_depth': 2, 'BATCH_Size': 144, 'EPOCHS': 1359, 'learning_rate': 0.00012591861886387156}. Best is trial 71 with value: 0.04374238941843573.
mae=1.0986,mse=1.8397,r2=0.9252,rmse=1.3563,mape=0.0454
[I 2021-05-17 03:55:15,108] Trial 94 finished with value: 0.045436785934551846 and parameters: {'hidden_size': 74, 'residual_channel': 206, 'skip_channel': 30, 'dilation_depth': 2, 'BATCH_Size': 168, 'EPOCHS': 1465, 'learning_rate': 6.96893672035003e-05}. Best is trial 71 with value: 0.04374238941843573.
mae=1.0647,mse=1.8000,r2=0.9269,rmse=1.3416,mape=0.0438
[I 2021-05-17 04:00:01,833] Trial 95 finished with value: 0.04375706475171272 and parameters: {'hidden_size': 79, 'residual_channel': 196, 'skip_channel': 53, 'dilation_depth': 2, 'BATCH_Size': 112, 'EPOCHS': 1603, 'learning_rate': 3.5739425137267314e-05}. Best is trial 71 with value: 0.04374238941843573.
mae=1.0669,mse=1.8366,r2=0.9254,rmse=1.3552,mape=0.0436
[I 2021-05-17 04:05:35,247] Trial 96 finished with value: 0.04362292811216699 and parameters: {'hidden_size': 99, 'residual_channel': 191, 'skip_channel': 52, 'dilation_depth': 2, 'BATCH_Size': 91, 'EPOCHS': 1896, 'learning_rate': 1.8575220417307223e-05}. Best is trial 96 with value: 0.04362292811216699.
mae=1.1067,mse=1.8546,r2=0.9246,rmse=1.3618,mape=0.0459
[I 2021-05-17 04:11:02,596] Trial 97 finished with value: 0.04594250453535728 and parameters: {'hidden_size': 100, 'residual_channel': 191, 'skip_channel': 53, 'dilation_depth': 2, 'BATCH_Size': 89, 'EPOCHS': 1858, 'learning_rate': 2.181569213955828e-05}. Best is trial 96 with value: 0.04362292811216699.
mae=1.0885,mse=1.8341,r2=0.9255,rmse=1.3543,mape=0.0450
[I 2021-05-17 04:17:29,805] Trial 98 finished with value: 0.044991704624512616 and parameters: {'hidden_size': 85, 'residual_channel': 232, 'skip_channel': 54, 'dilation_depth': 2, 'BATCH_Size': 112, 'EPOCHS': 1979, 'learning_rate': 3.4493030460131965e-05}. Best is trial 96 with value: 0.04362292811216699.
mae=1.1098,mse=1.8589,r2=0.9245,rmse=1.3634,mape=0.0461
[I 2021-05-17 04:20:25,231] Trial 99 finished with value: 0.046133853740362406 and parameters: {'hidden_size': 61, 'residual_channel': 104, 'skip_channel': 44, 'dilation_depth': 2, 'BATCH_Size': 97, 'EPOCHS': 1586, 'learning_rate': 1.9058244810397756e-05}. Best is trial 96 with value: 0.04362292811216699.
mae=1.0768,mse=1.8067,r2=0.9266,rmse=1.3441,mape=0.0445
[I 2021-05-17 04:27:27,171] Trial 100 finished with value: 0.04446753940948296 and parameters: {'hidden_size': 70, 'residual_channel': 248, 'skip_channel': 91, 'dilation_depth': 2, 'BATCH_Size': 73, 'EPOCHS': 1659, 'learning_rate': 1.308913250413356e-05}. Best is trial 96 with value: 0.04362292811216699.
mae=1.1352,mse=1.9321,r2=0.9215,rmse=1.3900,mape=0.0473
[I 2021-05-17 04:30:48,901] Trial 101 finished with value: 0.04726898278219937 and parameters: {'hidden_size': 106, 'residual_channel': 174, 'skip_channel': 38, 'dilation_depth': 2, 'BATCH_Size': 91, 'EPOCHS': 1177, 'learning_rate': 4.4216809170362515e-05}. Best is trial 96 with value: 0.04362292811216699.
mae=1.1105,mse=1.8766,r2=0.9237,rmse=1.3699,mape=0.0462
[I 2021-05-17 04:36:21,343] Trial 102 finished with value: 0.046227384180745686 and parameters: {'hidden_size': 117, 'residual_channel': 181, 'skip_channel': 24, 'dilation_depth': 2, 'BATCH_Size': 106, 'EPOCHS': 1960, 'learning_rate': 5.488509973240044e-05}. Best is trial 96 with value: 0.04362292811216699.
mae=1.1349,mse=1.9492,r2=0.9208,rmse=1.3961,mape=0.0470
[I 2021-05-17 04:38:00,312] Trial 103 finished with value: 0.04703910012275107 and parameters: {'hidden_size': 93, 'residual_channel': 167, 'skip_channel': 61, 'dilation_depth': 2, 'BATCH_Size': 100, 'EPOCHS': 613, 'learning_rate': 3.167011508188554e-05}. Best is trial 96 with value: 0.04362292811216699.
mae=1.1927,mse=2.1212,r2=0.9138,rmse=1.4564,mape=0.0494
[I 2021-05-17 04:39:27,902] Trial 104 finished with value: 0.049448389338994536 and parameters: {'hidden_size': 124, 'residual_channel': 201, 'skip_channel': 33, 'dilation_depth': 2, 'BATCH_Size': 115, 'EPOCHS': 482, 'learning_rate': 3.804366263418798e-05}. Best is trial 96 with value: 0.04362292811216699.
mae=1.1124,mse=1.8589,r2=0.9245,rmse=1.3634,mape=0.0462
[I 2021-05-17 04:43:56,581] Trial 105 finished with value: 0.0461842483159843 and parameters: {'hidden_size': 98, 'residual_channel': 208, 'skip_channel': 42, 'dilation_depth': 2, 'BATCH_Size': 181, 'EPOCHS': 1784, 'learning_rate': 2.5572031743665115e-05}. Best is trial 96 with value: 0.04362292811216699.
mae=1.2061,mse=2.1442,r2=0.9129,rmse=1.4643,mape=0.0508
[I 2021-05-17 04:47:23,243] Trial 106 finished with value: 0.05083120556195886 and parameters: {'hidden_size': 81, 'residual_channel': 187, 'skip_channel': 51, 'dilation_depth': 2, 'BATCH_Size': 122, 'EPOCHS': 1299, 'learning_rate': 5.857141535158665e-05}. Best is trial 96 with value: 0.04362292811216699.
mae=1.1056,mse=1.8963,r2=0.9229,rmse=1.3771,mape=0.0460
[I 2021-05-17 04:51:40,835] Trial 107 finished with value: 0.04601099310322565 and parameters: {'hidden_size': 48, 'residual_channel': 195, 'skip_channel': 39, 'dilation_depth': 2, 'BATCH_Size': 86, 'EPOCHS': 1347, 'learning_rate': 9.278651837776163e-05}. Best is trial 96 with value: 0.04362292811216699.
mae=1.1150,mse=1.8646,r2=0.9242,rmse=1.3655,mape=0.0464
[I 2021-05-17 04:55:33,080] Trial 108 finished with value: 0.04639438869534263 and parameters: {'hidden_size': 113, 'residual_channel': 219, 'skip_channel': 28, 'dilation_depth': 2, 'BATCH_Size': 110, 'EPOCHS': 1228, 'learning_rate': 1.9382571994161175e-05}. Best is trial 96 with value: 0.04362292811216699.
mae=1.0910,mse=1.8391,r2=0.9253,rmse=1.3562,mape=0.0451
[I 2021-05-17 05:00:05,069] Trial 109 finished with value: 0.04513809420315407 and parameters: {'hidden_size': 88, 'residual_channel': 178, 'skip_channel': 57, 'dilation_depth': 2, 'BATCH_Size': 176, 'EPOCHS': 1927, 'learning_rate': 4.567104583571422e-05}. Best is trial 96 with value: 0.04362292811216699.
mae=1.0733,mse=1.8127,r2=0.9263,rmse=1.3464,mape=0.0442
[I 2021-05-17 05:03:31,560] Trial 110 finished with value: 0.04422645736901907 and parameters: {'hidden_size': 103, 'residual_channel': 227, 'skip_channel': 46, 'dilation_depth': 2, 'BATCH_Size': 187, 'EPOCHS': 1136, 'learning_rate': 7.215120333985105e-05}. Best is trial 96 with value: 0.04362292811216699.
mae=1.0773,mse=1.8144,r2=0.9263,rmse=1.3470,mape=0.0444
[I 2021-05-17 05:06:37,636] Trial 111 finished with value: 0.044359330501339916 and parameters: {'hidden_size': 103, 'residual_channel': 234, 'skip_channel': 47, 'dilation_depth': 2, 'BATCH_Size': 197, 'EPOCHS': 1018, 'learning_rate': 7.832939838535388e-05}. Best is trial 96 with value: 0.04362292811216699.
mae=1.0721,mse=1.8129,r2=0.9263,rmse=1.3464,mape=0.0441
[I 2021-05-17 05:09:39,687] Trial 112 finished with value: 0.04405609547332696 and parameters: {'hidden_size': 109, 'residual_channel': 212, 'skip_channel': 37, 'dilation_depth': 2, 'BATCH_Size': 187, 'EPOCHS': 1134, 'learning_rate': 6.625988725841918e-05}. Best is trial 96 with value: 0.04362292811216699.
mae=1.1215,mse=1.8742,r2=0.9238,rmse=1.3690,mape=0.0467
[I 2021-05-17 05:12:28,483] Trial 113 finished with value: 0.04669396291633719 and parameters: {'hidden_size': 109, 'residual_channel': 204, 'skip_channel': 38, 'dilation_depth': 2, 'BATCH_Size': 191, 'EPOCHS': 1089, 'learning_rate': 3.199354909931237e-05}. Best is trial 96 with value: 0.04362292811216699.
mae=4.6498,mse=30.8646,r2=-0.2542,rmse=5.5556,mape=0.2128
[I 2021-05-17 05:17:14,220] Trial 114 finished with value: 0.21280964307355058 and parameters: {'hidden_size': 123, 'residual_channel': 213, 'skip_channel': 34, 'dilation_depth': 2, 'BATCH_Size': 182, 'EPOCHS': 1179, 'learning_rate': 0.01947725594006165}. Best is trial 96 with value: 0.04362292811216699.
mae=1.1352,mse=1.9608,r2=0.9203,rmse=1.4003,mape=0.0472
[I 2021-05-17 05:18:56,980] Trial 115 finished with value: 0.047241833317467806 and parameters: {'hidden_size': 131, 'residual_channel': 61, 'skip_channel': 28, 'dilation_depth': 2, 'BATCH_Size': 188, 'EPOCHS': 1295, 'learning_rate': 0.0013080569877812617}. Best is trial 96 with value: 0.04362292811216699.
mae=1.0843,mse=1.8081,r2=0.9265,rmse=1.3447,mape=0.0449
[I 2021-05-17 05:23:38,868] Trial 116 finished with value: 0.04489009474296933 and parameters: {'hidden_size': 97, 'residual_channel': 184, 'skip_channel': 202, 'dilation_depth': 2, 'BATCH_Size': 78, 'EPOCHS': 1387, 'learning_rate': 1.4764752984240379e-05}. Best is trial 96 with value: 0.04362292811216699.
mae=1.1257,mse=1.9164,r2=0.9221,rmse=1.3843,mape=0.0470
[I 2021-05-17 05:26:45,854] Trial 117 finished with value: 0.047020771576702904 and parameters: {'hidden_size': 78, 'residual_channel': 194, 'skip_channel': 66, 'dilation_depth': 2, 'BATCH_Size': 173, 'EPOCHS': 1263, 'learning_rate': 0.00015999644032338935}. Best is trial 96 with value: 0.04362292811216699.
mae=1.1214,mse=1.8936,r2=0.9231,rmse=1.3761,mape=0.0467
[I 2021-05-17 05:29:34,113] Trial 118 finished with value: 0.04666265639406823 and parameters: {'hidden_size': 119, 'residual_channel': 199, 'skip_channel': 52, 'dilation_depth': 2, 'BATCH_Size': 164, 'EPOCHS': 1061, 'learning_rate': 0.00010936710548385068}. Best is trial 96 with value: 0.04362292811216699.
mae=1.0683,mse=1.8066,r2=0.9266,rmse=1.3441,mape=0.0440
[I 2021-05-17 05:34:22,062] Trial 119 finished with value: 0.04399951356721966 and parameters: {'hidden_size': 253, 'residual_channel': 210, 'skip_channel': 33, 'dilation_depth': 2, 'BATCH_Size': 94, 'EPOCHS': 1212, 'learning_rate': 4.272224577296814e-05}. Best is trial 96 with value: 0.04362292811216699.
mae=1.0730,mse=1.8126,r2=0.9263,rmse=1.3463,mape=0.0443
[I 2021-05-17 05:38:58,042] Trial 120 finished with value: 0.04426034805449671 and parameters: {'hidden_size': 245, 'residual_channel': 222, 'skip_channel': 141, 'dilation_depth': 2, 'BATCH_Size': 94, 'EPOCHS': 1121, 'learning_rate': 4.05714281581595e-05}. Best is trial 96 with value: 0.04362292811216699.
mae=1.0692,mse=1.8194,r2=0.9261,rmse=1.3488,mape=0.0439
