[I 2021-05-17 16:04:53,561] Trial 252 finished with value: 0.04436044268244805 and parameters: {'hidden_size': 40, 'residual_channel': 225, 'skip_channel': 46, 'dilation_depth': 2, 'BATCH_Size': 122, 'EPOCHS': 1309, 'learning_rate': 7.956560891257026e-05}. Best is trial 193 with value: 0.04360548906454934.
mae=1.0926,mse=1.8340,r2=0.9255,rmse=1.3542,mape=0.0452
[I 2021-05-17 16:09:07,445] Trial 253 finished with value: 0.04521911624826601 and parameters: {'hidden_size': 222, 'residual_channel': 208, 'skip_channel': 39, 'dilation_depth': 2, 'BATCH_Size': 103, 'EPOCHS': 1239, 'learning_rate': 4.3540456228406284e-05}. Best is trial 193 with value: 0.04360548906454934.
mae=1.1346,mse=1.9222,r2=0.9219,rmse=1.3864,mape=0.0473
[I 2021-05-17 16:15:23,250] Trial 254 pruned.
mae=1.0923,mse=1.8217,r2=0.9260,rmse=1.3497,mape=0.0452
[I 2021-05-17 16:19:56,016] Trial 255 finished with value: 0.04524923037431797 and parameters: {'hidden_size': 229, 'residual_channel': 213, 'skip_channel': 24, 'dilation_depth': 2, 'BATCH_Size': 101, 'EPOCHS': 1148, 'learning_rate': 2.0154493646340995e-05}. Best is trial 193 with value: 0.04360548906454934.
mae=1.0738,mse=1.8412,r2=0.9252,rmse=1.3569,mape=0.0440
[I 2021-05-17 16:24:48,864] Trial 256 finished with value: 0.04400604309878185 and parameters: {'hidden_size': 237, 'residual_channel': 198, 'skip_channel': 35, 'dilation_depth': 2, 'BATCH_Size': 115, 'EPOCHS': 1269, 'learning_rate': 6.603695055618689e-05}. Best is trial 193 with value: 0.04360548906454934.
mae=1.0691,mse=1.8036,r2=0.9267,rmse=1.3430,mape=0.0440
[I 2021-05-17 16:29:18,928] Trial 257 finished with value: 0.04404803983137685 and parameters: {'hidden_size': 143, 'residual_channel': 220, 'skip_channel': 129, 'dilation_depth': 2, 'BATCH_Size': 107, 'EPOCHS': 1191, 'learning_rate': 4.942880239970077e-05}. Best is trial 193 with value: 0.04360548906454934.
mae=1.1224,mse=1.8834,r2=0.9235,rmse=1.3724,mape=0.0467
[I 2021-05-17 16:33:23,557] Trial 258 finished with value: 0.046658542240316465 and parameters: {'hidden_size': 201, 'residual_channel': 204, 'skip_channel': 61, 'dilation_depth': 2, 'BATCH_Size': 110, 'EPOCHS': 1101, 'learning_rate': 3.7374396180101446e-05}. Best is trial 193 with value: 0.04360548906454934.
mae=1.2435,mse=2.3021,r2=0.9065,rmse=1.5173,mape=0.0517
[I 2021-05-17 16:35:24,832] Trial 259 finished with value: 0.051669255748264926 and parameters: {'hidden_size': 59, 'residual_channel': 75, 'skip_channel': 28, 'dilation_depth': 2, 'BATCH_Size': 136, 'EPOCHS': 1343, 'learning_rate': 2.4969837730181476e-05}. Best is trial 193 with value: 0.04360548906454934.
mae=1.1067,mse=1.8791,r2=0.9236,rmse=1.3708,mape=0.0460
[I 2021-05-17 16:40:28,304] Trial 260 finished with value: 0.045956195655140045 and parameters: {'hidden_size': 224, 'residual_channel': 244, 'skip_channel': 41, 'dilation_depth': 2, 'BATCH_Size': 105, 'EPOCHS': 1221, 'learning_rate': 0.00010025592962107468}. Best is trial 193 with value: 0.04360548906454934.
mae=1.0756,mse=1.8242,r2=0.9259,rmse=1.3506,mape=0.0443
[I 2021-05-17 16:45:06,364] Trial 261 finished with value: 0.044314055707665445 and parameters: {'hidden_size': 216, 'residual_channel': 256, 'skip_channel': 32, 'dilation_depth': 2, 'BATCH_Size': 114, 'EPOCHS': 1164, 'learning_rate': 5.975826589101661e-05}. Best is trial 193 with value: 0.04360548906454934.
mae=1.0914,mse=1.8431,r2=0.9251,rmse=1.3576,mape=0.0452
[I 2021-05-17 16:51:02,624] Trial 262 finished with value: 0.04515977100360387 and parameters: {'hidden_size': 246, 'residual_channel': 235, 'skip_channel': 221, 'dilation_depth': 2, 'BATCH_Size': 89, 'EPOCHS': 1291, 'learning_rate': 3.1915022678114515e-05}. Best is trial 193 with value: 0.04360548906454934.
mae=1.1276,mse=1.8793,r2=0.9236,rmse=1.3709,mape=0.0471
[I 2021-05-17 16:54:54,500] Trial 263 pruned.
mae=1.0764,mse=1.9052,r2=0.9226,rmse=1.3803,mape=0.0439
[I 2021-05-17 16:58:47,637] Trial 264 finished with value: 0.043873389220581094 and parameters: {'hidden_size': 86, 'residual_channel': 228, 'skip_channel': 45, 'dilation_depth': 2, 'BATCH_Size': 106, 'EPOCHS': 1125, 'learning_rate': 5.049126676029028e-05}. Best is trial 193 with value: 0.04360548906454934.
mae=1.1234,mse=1.8878,r2=0.9233,rmse=1.3740,mape=0.0468
[I 2021-05-17 17:02:35,844] Trial 265 pruned.
mae=1.0755,mse=1.8057,r2=0.9266,rmse=1.3438,mape=0.0443
[I 2021-05-17 17:04:59,773] Trial 266 finished with value: 0.04429525685629388 and parameters: {'hidden_size': 85, 'residual_channel': 230, 'skip_channel': 50, 'dilation_depth': 2, 'BATCH_Size': 117, 'EPOCHS': 696, 'learning_rate': 4.413608762956131e-05}. Best is trial 193 with value: 0.04360548906454934.
mae=1.0722,mse=1.8010,r2=0.9268,rmse=1.3420,mape=0.0442
[I 2021-05-17 17:08:59,561] Trial 267 finished with value: 0.044211859950909906 and parameters: {'hidden_size': 123, 'residual_channel': 225, 'skip_channel': 48, 'dilation_depth': 2, 'BATCH_Size': 108, 'EPOCHS': 1113, 'learning_rate': 3.435459918368017e-05}. Best is trial 193 with value: 0.04360548906454934.
mae=5.3381,mse=40.4858,r2=-0.6451,rmse=6.3628,mape=0.2495
[I 2021-05-17 17:12:49,276] Trial 268 finished with value: 0.2494908767426117 and parameters: {'hidden_size': 73, 'residual_channel': 220, 'skip_channel': 44, 'dilation_depth': 2, 'BATCH_Size': 96, 'EPOCHS': 1144, 'learning_rate': 0.006843399877748966}. Best is trial 193 with value: 0.04360548906454934.
mae=1.1316,mse=1.9041,r2=0.9226,rmse=1.3799,mape=0.0472
[I 2021-05-17 17:16:27,923] Trial 269 finished with value: 0.047213587697216904 and parameters: {'hidden_size': 69, 'residual_channel': 239, 'skip_channel': 40, 'dilation_depth': 2, 'BATCH_Size': 105, 'EPOCHS': 1079, 'learning_rate': 5.0457873305039146e-05}. Best is trial 193 with value: 0.04360548906454934.
mae=1.0826,mse=1.8058,r2=0.9266,rmse=1.3438,mape=0.0447
[I 2021-05-17 17:18:22,546] Trial 270 finished with value: 0.044732549504206756 and parameters: {'hidden_size': 94, 'residual_channel': 26, 'skip_channel': 38, 'dilation_depth': 2, 'BATCH_Size': 120, 'EPOCHS': 1520, 'learning_rate': 7.74042053114758e-05}. Best is trial 193 with value: 0.04360548906454934.
mae=1.2098,mse=2.3951,r2=0.9027,rmse=1.5476,mape=0.0501
[I 2021-05-17 17:23:26,373] Trial 271 finished with value: 0.05012217299660009 and parameters: {'hidden_size': 87, 'residual_channel': 185, 'skip_channel': 44, 'dilation_depth': 2, 'BATCH_Size': 112, 'EPOCHS': 1828, 'learning_rate': 0.00035092556603698105}. Best is trial 193 with value: 0.04360548906454934.
mae=1.1300,mse=1.9812,r2=0.9195,rmse=1.4075,mape=0.0464
[I 2021-05-17 17:27:39,846] Trial 272 finished with value: 0.046408770711145096 and parameters: {'hidden_size': 82, 'residual_channel': 234, 'skip_channel': 28, 'dilation_depth': 2, 'BATCH_Size': 101, 'EPOCHS': 1189, 'learning_rate': 1.7392289678689248e-05}. Best is trial 193 with value: 0.04360548906454934.
mae=1.1408,mse=1.9398,r2=0.9212,rmse=1.3928,mape=0.0477
[I 2021-05-17 17:33:05,548] Trial 273 finished with value: 0.04771082668916162 and parameters: {'hidden_size': 3, 'residual_channel': 199, 'skip_channel': 36, 'dilation_depth': 2, 'BATCH_Size': 107, 'EPOCHS': 1997, 'learning_rate': 2.2318843309016093e-05}. Best is trial 193 with value: 0.04360548906454934.
mae=1.1959,mse=2.1942,r2=0.9108,rmse=1.4813,mape=0.0497
[I 2021-05-17 17:46:16,256] Trial 274 finished with value: 0.049690951990998954 and parameters: {'hidden_size': 78, 'residual_channel': 223, 'skip_channel': 28, 'dilation_depth': 2, 'BATCH_Size': 27, 'EPOCHS': 1922, 'learning_rate': 6.54362490558017e-05}. Best is trial 193 with value: 0.04360548906454934.
mae=1.2203,mse=2.2066,r2=0.9103,rmse=1.4855,mape=0.0512
[I 2021-05-17 17:49:42,954] Trial 275 finished with value: 0.05117570276387943 and parameters: {'hidden_size': 256, 'residual_channel': 216, 'skip_channel': 54, 'dilation_depth': 2, 'BATCH_Size': 99, 'EPOCHS': 834, 'learning_rate': 3.733018533799599e-05}. Best is trial 193 with value: 0.04360548906454934.
mae=1.0711,mse=1.8074,r2=0.9266,rmse=1.3444,mape=0.0440
[I 2021-05-17 17:53:10,150] Trial 276 finished with value: 0.04404122773110179 and parameters: {'hidden_size': 229, 'residual_channel': 194, 'skip_channel': 46, 'dilation_depth': 2, 'BATCH_Size': 127, 'EPOCHS': 1069, 'learning_rate': 2.892855783962069e-05}. Best is trial 193 with value: 0.04360548906454934.
mae=1.0662,mse=1.8084,r2=0.9265,rmse=1.3448,mape=0.0437
[I 2021-05-17 17:56:57,735] Trial 277 finished with value: 0.043739666168021704 and parameters: {'hidden_size': 241, 'residual_channel': 202, 'skip_channel': 24, 'dilation_depth': 2, 'BATCH_Size': 93, 'EPOCHS': 1024, 'learning_rate': 4.7373745396800444e-05}. Best is trial 193 with value: 0.04360548906454934.
mae=1.0838,mse=1.8384,r2=0.9253,rmse=1.3559,mape=0.0448
[I 2021-05-17 18:03:07,929] Trial 278 finished with value: 0.04481785613791786 and parameters: {'hidden_size': 243, 'residual_channel': 201, 'skip_channel': 32, 'dilation_depth': 2, 'BATCH_Size': 92, 'EPOCHS': 1676, 'learning_rate': 5.482334163436788e-05}. Best is trial 193 with value: 0.04360548906454934.
mae=1.1009,mse=1.8393,r2=0.9253,rmse=1.3562,mape=0.0456
[I 2021-05-17 18:06:51,381] Trial 279 finished with value: 0.045619479816441114 and parameters: {'hidden_size': 239, 'residual_channel': 189, 'skip_channel': 58, 'dilation_depth': 2, 'BATCH_Size': 84, 'EPOCHS': 963, 'learning_rate': 4.2970163221012874e-05}. Best is trial 193 with value: 0.04360548906454934.
mae=1.2178,mse=2.1826,r2=0.9113,rmse=1.4773,mape=0.0511
[I 2021-05-17 18:10:42,728] Trial 280 finished with value: 0.05111463951882327 and parameters: {'hidden_size': 250, 'residual_channel': 207, 'skip_channel': 24, 'dilation_depth': 2, 'BATCH_Size': 97, 'EPOCHS': 1028, 'learning_rate': 8.833747097478188e-05}. Best is trial 193 with value: 0.04360548906454934.
mae=1.0791,mse=1.8176,r2=0.9261,rmse=1.3482,mape=0.0445
[I 2021-05-17 18:15:03,192] Trial 281 finished with value: 0.0444903487178199 and parameters: {'hidden_size': 245, 'residual_channel': 197, 'skip_channel': 33, 'dilation_depth': 2, 'BATCH_Size': 88, 'EPOCHS': 1152, 'learning_rate': 6.28244791964275e-05}. Best is trial 193 with value: 0.04360548906454934.
mae=1.1093,mse=1.8710,r2=0.9240,rmse=1.3679,mape=0.0460
[I 2021-05-17 18:20:07,821] Trial 282 finished with value: 0.04599758150761493 and parameters: {'hidden_size': 256, 'residual_channel': 202, 'skip_channel': 39, 'dilation_depth': 2, 'BATCH_Size': 114, 'EPOCHS': 1367, 'learning_rate': 4.6552819226722766e-05}. Best is trial 193 with value: 0.04360548906454934.
mae=1.0786,mse=1.8341,r2=0.9255,rmse=1.3543,mape=0.0442
[I 2021-05-17 18:21:48,092] Trial 283 finished with value: 0.044237784407079324 and parameters: {'hidden_size': 89, 'residual_channel': 211, 'skip_channel': 28, 'dilation_depth': 2, 'BATCH_Size': 95, 'EPOCHS': 515, 'learning_rate': 5.5615698321422405e-05}. Best is trial 193 with value: 0.04360548906454934.
mae=1.0711,mse=1.8197,r2=0.9261,rmse=1.3490,mape=0.0440
[I 2021-05-17 18:24:57,869] Trial 284 finished with value: 0.04395952529283784 and parameters: {'hidden_size': 220, 'residual_channel': 206, 'skip_channel': 45, 'dilation_depth': 2, 'BATCH_Size': 179, 'EPOCHS': 1112, 'learning_rate': 3.857091252471664e-05}. Best is trial 193 with value: 0.04360548906454934.
[I 2021-05-17 18:27:14,068] Trial 285 finished with value: 0.044512011437607 and parameters: {'hidden_size': 224, 'residual_channel': 113, 'skip_channel': 176, 'dilation_depth': 2, 'BATCH_Size': 91, 'EPOCHS': 799, 'learning_rate': 7.122924769032025e-05}. Best is trial 193 with value: 0.04360548906454934.
mae=1.0794,mse=1.8179,r2=0.9261,rmse=1.3483,mape=0.0445
mae=1.1002,mse=1.8311,r2=0.9256,rmse=1.3532,mape=0.0456
[I 2021-05-17 18:29:09,423] Trial 286 finished with value: 0.0455882420424129 and parameters: {'hidden_size': 99, 'residual_channel': 193, 'skip_channel': 50, 'dilation_depth': 2, 'BATCH_Size': 103, 'EPOCHS': 652, 'learning_rate': 5.0986168995389395e-05}. Best is trial 193 with value: 0.04360548906454934.
mae=1.1630,mse=2.0142,r2=0.9182,rmse=1.4192,mape=0.0487
[I 2021-05-17 18:33:34,182] Trial 287 pruned.
mae=1.1446,mse=1.9609,r2=0.9203,rmse=1.4003,mape=0.0477
[I 2021-05-17 18:38:19,928] Trial 288 pruned.
mae=1.0828,mse=1.8080,r2=0.9265,rmse=1.3446,mape=0.0447
[I 2021-05-17 18:40:22,707] Trial 289 finished with value: 0.04465860146588946 and parameters: {'hidden_size': 240, 'residual_channel': 34, 'skip_channel': 24, 'dilation_depth': 2, 'BATCH_Size': 124, 'EPOCHS': 1160, 'learning_rate': 6.178523764758903e-05}. Best is trial 193 with value: 0.04360548906454934.
mae=1.1999,mse=2.3318,r2=0.9052,rmse=1.5270,mape=0.0503
[I 2021-05-17 18:45:14,412] Trial 290 finished with value: 0.05031857132665108 and parameters: {'hidden_size': 228, 'residual_channel': 197, 'skip_channel': 31, 'dilation_depth': 2, 'BATCH_Size': 118, 'EPOCHS': 1410, 'learning_rate': 0.0004991996297741856}. Best is trial 193 with value: 0.04360548906454934.
mae=1.1205,mse=1.9091,r2=0.9224,rmse=1.3817,mape=0.0469
[I 2021-05-17 18:49:16,672] Trial 291 finished with value: 0.046931387766707494 and parameters: {'hidden_size': 75, 'residual_channel': 209, 'skip_channel': 36, 'dilation_depth': 2, 'BATCH_Size': 93, 'EPOCHS': 1255, 'learning_rate': 0.00011616061995209338}. Best is trial 193 with value: 0.04360548906454934.
mae=1.1049,mse=1.8757,r2=0.9238,rmse=1.3696,mape=0.0459
[I 2021-05-17 18:55:07,574] Trial 292 finished with value: 0.045862693371260255 and parameters: {'hidden_size': 216, 'residual_channel': 247, 'skip_channel': 24, 'dilation_depth': 2, 'BATCH_Size': 112, 'EPOCHS': 1458, 'learning_rate': 8.957297461800715e-05}. Best is trial 193 with value: 0.04360548906454934.
mae=1.1145,mse=1.8866,r2=0.9233,rmse=1.3735,mape=0.0463
[I 2021-05-17 18:59:17,424] Trial 293 finished with value: 0.046281043947122985 and parameters: {'hidden_size': 134, 'residual_channel': 202, 'skip_channel': 29, 'dilation_depth': 2, 'BATCH_Size': 82, 'EPOCHS': 1214, 'learning_rate': 4.858622813201633e-05}. Best is trial 193 with value: 0.04360548906454934.
mae=1.0668,mse=1.8023,r2=0.9268,rmse=1.3425,mape=0.0438
[I 2021-05-17 19:03:04,233] Trial 294 finished with value: 0.04384057906668966 and parameters: {'hidden_size': 236, 'residual_channel': 206, 'skip_channel': 43, 'dilation_depth': 2, 'BATCH_Size': 106, 'EPOCHS': 1090, 'learning_rate': 2.9697804565099016e-05}. Best is trial 193 with value: 0.04360548906454934.
mae=1.1209,mse=1.8769,r2=0.9237,rmse=1.3700,mape=0.0467
[I 2021-05-17 19:06:55,630] Trial 295 finished with value: 0.0466738210742496 and parameters: {'hidden_size': 237, 'residual_channel': 217, 'skip_channel': 49, 'dilation_depth': 2, 'BATCH_Size': 105, 'EPOCHS': 1057, 'learning_rate': 1.9868493392752825e-05}. Best is trial 193 with value: 0.04360548906454934.
mae=1.1032,mse=1.8427,r2=0.9251,rmse=1.3575,mape=0.0457
[I 2021-05-17 19:11:04,586] Trial 296 finished with value: 0.045723956489907264 and parameters: {'hidden_size': 232, 'residual_channel': 211, 'skip_channel': 42, 'dilation_depth': 2, 'BATCH_Size': 101, 'EPOCHS': 1102, 'learning_rate': 2.5475284755580307e-05}. Best is trial 193 with value: 0.04360548906454934.
mae=1.0804,mse=1.8113,r2=0.9264,rmse=1.3459,mape=0.0446
[I 2021-05-17 19:14:27,516] Trial 297 finished with value: 0.0446214240623943 and parameters: {'hidden_size': 241, 'residual_channel': 208, 'skip_channel': 33, 'dilation_depth': 2, 'BATCH_Size': 107, 'EPOCHS': 992, 'learning_rate': 3.047843120661652e-05}. Best is trial 193 with value: 0.04360548906454934.
mae=1.0754,mse=1.8290,r2=0.9257,rmse=1.3524,mape=0.0443
[I 2021-05-17 19:18:25,970] Trial 298 finished with value: 0.044345159878062396 and parameters: {'hidden_size': 246, 'residual_channel': 204, 'skip_channel': 37, 'dilation_depth': 2, 'BATCH_Size': 97, 'EPOCHS': 1071, 'learning_rate': 7.285601158101795e-05}. Best is trial 193 with value: 0.04360548906454934.
mae=1.1438,mse=1.9591,r2=0.9204,rmse=1.3997,mape=0.0477
[I 2021-05-17 19:22:09,642] Trial 299 finished with value: 0.04770300538260277 and parameters: {'hidden_size': 253, 'residual_channel': 189, 'skip_channel': 24, 'dilation_depth': 2, 'BATCH_Size': 109, 'EPOCHS': 1133, 'learning_rate': 4.2054055003296427e-05}. Best is trial 193 with value: 0.04360548906454934.
[I 2021-05-17 19:26:08,036] Trial 300 pruned.
mae=1.0938,mse=1.8392,r2=0.9253,rmse=1.3562,mape=0.0452
mae=1.0674,mse=1.8100,r2=0.9264,rmse=1.3454,mape=0.0438
[I 2021-05-17 19:29:55,909] Trial 301 finished with value: 0.043841034614387354 and parameters: {'hidden_size': 232, 'residual_channel': 216, 'skip_channel': 53, 'dilation_depth': 2, 'BATCH_Size': 88, 'EPOCHS': 1019, 'learning_rate': 3.489371388706389e-05}. Best is trial 193 with value: 0.04360548906454934.
mae=1.0863,mse=1.9354,r2=0.9214,rmse=1.3912,mape=0.0443
[I 2021-05-17 19:34:01,375] Trial 302 finished with value: 0.044319504186629194 and parameters: {'hidden_size': 233, 'residual_channel': 214, 'skip_channel': 61, 'dilation_depth': 2, 'BATCH_Size': 89, 'EPOCHS': 1059, 'learning_rate': 2.651191720146772e-05}. Best is trial 193 with value: 0.04360548906454934.
mae=1.0709,mse=1.8278,r2=0.9257,rmse=1.3520,mape=0.0439
[I 2021-05-17 19:37:46,041] Trial 303 finished with value: 0.043885320546333706 and parameters: {'hidden_size': 229, 'residual_channel': 219, 'skip_channel': 31, 'dilation_depth': 2, 'BATCH_Size': 86, 'EPOCHS': 923, 'learning_rate': 3.2087929465218366e-05}. Best is trial 193 with value: 0.04360548906454934.
mae=1.0895,mse=1.8232,r2=0.9259,rmse=1.3502,mape=0.0452
[I 2021-05-17 19:41:36,995] Trial 304 pruned.
mae=1.1073,mse=1.8439,r2=0.9251,rmse=1.3579,mape=0.0460
[I 2021-05-17 19:45:36,769] Trial 305 finished with value: 0.04598827827359306 and parameters: {'hidden_size': 219, 'residual_channel': 210, 'skip_channel': 58, 'dilation_depth': 2, 'BATCH_Size': 77, 'EPOCHS': 979, 'learning_rate': 1.34639738790879e-05}. Best is trial 193 with value: 0.04360548906454934.
mae=1.0939,mse=1.8273,r2=0.9257,rmse=1.3518,mape=0.0453
[I 2021-05-17 19:49:39,479] Trial 306 pruned.
mae=1.1101,mse=1.8680,r2=0.9241,rmse=1.3667,mape=0.0460
[I 2021-05-17 19:53:40,472] Trial 307 finished with value: 0.046043242911318574 and parameters: {'hidden_size': 232, 'residual_channel': 214, 'skip_channel': 110, 'dilation_depth': 2, 'BATCH_Size': 88, 'EPOCHS': 1023, 'learning_rate': 3.9334587186900854e-05}. Best is trial 193 with value: 0.04360548906454934.
[I 2021-05-17 19:59:56,982] Trial 308 finished with value: 0.04496759628409335 and parameters: {'hidden_size': 244, 'residual_channel': 201, 'skip_channel': 55, 'dilation_depth': 2, 'BATCH_Size': 82, 'EPOCHS': 1597, 'learning_rate': 2.324988026559709e-05}. Best is trial 193 with value: 0.04360548906454934.
mae=1.0864,mse=1.8286,r2=0.9257,rmse=1.3523,mape=0.0450
mae=1.0725,mse=1.8024,r2=0.9268,rmse=1.3425,mape=0.0442
[I 2021-05-17 20:06:19,499] Trial 309 finished with value: 0.04420820594609675 and parameters: {'hidden_size': 239, 'residual_channel': 207, 'skip_channel': 24, 'dilation_depth': 2, 'BATCH_Size': 100, 'EPOCHS': 1739, 'learning_rate': 1.6196027849143366e-05}. Best is trial 193 with value: 0.04360548906454934.
mae=1.0704,mse=1.8047,r2=0.9267,rmse=1.3434,mape=0.0441
[I 2021-05-17 20:11:13,837] Trial 310 finished with value: 0.04407086209119986 and parameters: {'hidden_size': 209, 'residual_channel': 252, 'skip_channel': 29, 'dilation_depth': 2, 'BATCH_Size': 93, 'EPOCHS': 1157, 'learning_rate': 2.6847233490389724e-05}. Best is trial 193 with value: 0.04360548906454934.
mae=1.0695,mse=1.8211,r2=0.9260,rmse=1.3495,mape=0.0438
[I 2021-05-17 20:15:44,662] Trial 311 finished with value: 0.043814799954380694 and parameters: {'hidden_size': 222, 'residual_channel': 219, 'skip_channel': 35, 'dilation_depth': 2, 'BATCH_Size': 111, 'EPOCHS': 1205, 'learning_rate': 3.2039877741295726e-05}. Best is trial 193 with value: 0.04360548906454934.
mae=1.1196,mse=1.8752,r2=0.9238,rmse=1.3694,mape=0.0466
[I 2021-05-17 20:18:53,006] Trial 312 finished with value: 0.04658390736498495 and parameters: {'hidden_size': 224, 'residual_channel': 221, 'skip_channel': 35, 'dilation_depth': 2, 'BATCH_Size': 154, 'EPOCHS': 1012, 'learning_rate': 2.9961249690692588e-05}. Best is trial 193 with value: 0.04360548906454934.
mae=1.0903,mse=1.8268,r2=0.9258,rmse=1.3516,mape=0.0450
[I 2021-05-17 20:23:12,229] Trial 313 pruned.
mae=1.1158,mse=1.8633,r2=0.9243,rmse=1.3650,mape=0.0463
[I 2021-05-17 20:26:40,223] Trial 314 finished with value: 0.04632091599774675 and parameters: {'hidden_size': 217, 'residual_channel': 222, 'skip_channel': 33, 'dilation_depth': 2, 'BATCH_Size': 111, 'EPOCHS': 955, 'learning_rate': 3.1096109695348333e-05}. Best is trial 193 with value: 0.04360548906454934.
mae=1.0688,mse=1.8190,r2=0.9261,rmse=1.3487,mape=0.0438
[I 2021-05-17 20:31:47,592] Trial 315 finished with value: 0.04384555571882185 and parameters: {'hidden_size': 230, 'residual_channel': 256, 'skip_channel': 39, 'dilation_depth': 2, 'BATCH_Size': 104, 'EPOCHS': 1274, 'learning_rate': 2.396707196826033e-05}. Best is trial 193 with value: 0.04360548906454934.
mae=1.0773,mse=1.8078,r2=0.9265,rmse=1.3446,mape=0.0444
[I 2021-05-17 20:37:01,882] Trial 316 finished with value: 0.04441150038449436 and parameters: {'hidden_size': 230, 'residual_channel': 252, 'skip_channel': 38, 'dilation_depth': 2, 'BATCH_Size': 115, 'EPOCHS': 1244, 'learning_rate': 1.816631492447187e-05}. Best is trial 193 with value: 0.04360548906454934.
mae=1.0724,mse=1.8017,r2=0.9268,rmse=1.3423,mape=0.0442
[I 2021-05-17 20:42:00,073] Trial 317 pruned.
mae=1.1049,mse=1.8475,r2=0.9249,rmse=1.3592,mape=0.0459
[I 2021-05-17 20:45:30,155] Trial 318 finished with value: 0.045882932140797014 and parameters: {'hidden_size': 229, 'residual_channel': 182, 'skip_channel': 28, 'dilation_depth': 2, 'BATCH_Size': 111, 'EPOCHS': 1061, 'learning_rate': 2.5355147081290124e-05}. Best is trial 193 with value: 0.04360548906454934.
mae=1.0737,mse=1.8517,r2=0.9248,rmse=1.3608,mape=0.0439
