E:\Anaconda\envs\pytorch-env\python.exe C:/Users/Administrator/Desktop/torch-WaveNet-LSTM/WaveNet_LSTM_AQP/Hyperopt-WaveNet-LSTM.py
[I 2021-05-16 22:36:33,440] A new study created in memory with name: no-name-15474469-2da4-4e5c-8695-97848658b7c8
mae=1.0832,mse=1.8357,r2=0.9254,rmse=1.3549,mape=0.0446
[I 2021-05-16 22:37:35,242] Trial 0 finished with value: 0.04463667776661603 and parameters: {'hidden_size': 108, 'residual_channel': 191, 'skip_channel': 24, 'dilation_depth': 1, 'BATCH_Size': 38, 'EPOCHS': 366, 'learning_rate': 5.5595654267125665e-05}. Best is trial 0 with value: 0.04463667776661603.
mae=4.8599,mse=33.7690,r2=-0.3722,rmse=5.8111,mape=0.2246
[I 2021-05-16 22:39:21,268] Trial 1 finished with value: 0.22460068402429542 and parameters: {'hidden_size': 90, 'residual_channel': 116, 'skip_channel': 149, 'dilation_depth': 2, 'BATCH_Size': 140, 'EPOCHS': 568, 'learning_rate': 0.032543911150884876}. Best is trial 0 with value: 0.04463667776661603.
mae=4.8556,mse=33.7042,r2=-0.3696,rmse=5.8055,mape=0.2244
[I 2021-05-16 22:43:21,470] Trial 2 finished with value: 0.22436009071751936 and parameters: {'hidden_size': 9, 'residual_channel': 180, 'skip_channel': 121, 'dilation_depth': 2, 'BATCH_Size': 36, 'EPOCHS': 556, 'learning_rate': 0.015957993164212966}. Best is trial 0 with value: 0.04463667776661603.
mae=2.1034,mse=7.2757,r2=0.7043,rmse=2.6974,mape=0.0900
[I 2021-05-16 22:44:21,262] Trial 3 finished with value: 0.0900318575469994 and parameters: {'hidden_size': 248, 'residual_channel': 97, 'skip_channel': 185, 'dilation_depth': 3, 'BATCH_Size': 180, 'EPOCHS': 353, 'learning_rate': 1.432910723846784e-05}. Best is trial 0 with value: 0.04463667776661603.
mae=1.6406,mse=3.9157,r2=0.8409,rmse=1.9788,mape=0.0704
[I 2021-05-16 22:47:49,517] Trial 4 finished with value: 0.07037210025759667 and parameters: {'hidden_size': 46, 'residual_channel': 228, 'skip_channel': 46, 'dilation_depth': 2, 'BATCH_Size': 192, 'EPOCHS': 1160, 'learning_rate': 0.005854751355295724}. Best is trial 0 with value: 0.04463667776661603.
mae=4.5428,mse=29.5988,r2=-0.2027,rmse=5.4405,mape=0.2068
[I 2021-05-16 22:52:10,289] Trial 5 finished with value: 0.2068100053203393 and parameters: {'hidden_size': 83, 'residual_channel': 183, 'skip_channel': 218, 'dilation_depth': 1, 'BATCH_Size': 153, 'EPOCHS': 1980, 'learning_rate': 0.009832469717408681}. Best is trial 0 with value: 0.04463667776661603.
mae=1.0716,mse=1.8391,r2=0.9253,rmse=1.3561,mape=0.0439
[I 2021-05-16 22:54:05,182] Trial 6 finished with value: 0.043868139289719194 and parameters: {'hidden_size': 74, 'residual_channel': 207, 'skip_channel': 48, 'dilation_depth': 2, 'BATCH_Size': 183, 'EPOCHS': 728, 'learning_rate': 0.00014161242322273667}. Best is trial 6 with value: 0.043868139289719194.
mae=1.2258,mse=2.3050,r2=0.9063,rmse=1.5182,mape=0.0506
[I 2021-05-16 22:55:23,549] Trial 7 finished with value: 0.05061623081052517 and parameters: {'hidden_size': 36, 'residual_channel': 28, 'skip_channel': 182, 'dilation_depth': 1, 'BATCH_Size': 60, 'EPOCHS': 1085, 'learning_rate': 1.634745612637677e-05}. Best is trial 6 with value: 0.043868139289719194.
mae=4.5571,mse=29.7592,r2=-0.2093,rmse=5.4552,mape=0.2076
[I 2021-05-16 23:01:46,505] Trial 8 finished with value: 0.20760938631968992 and parameters: {'hidden_size': 148, 'residual_channel': 58, 'skip_channel': 161, 'dilation_depth': 3, 'BATCH_Size': 29, 'EPOCHS': 945, 'learning_rate': 0.005992397731141758}. Best is trial 6 with value: 0.043868139289719194.
mae=1.3343,mse=2.7494,r2=0.8883,rmse=1.6581,mape=0.0568
[I 2021-05-16 23:04:34,912] Trial 9 finished with value: 0.05680360139684891 and parameters: {'hidden_size': 108, 'residual_channel': 35, 'skip_channel': 148, 'dilation_depth': 2, 'BATCH_Size': 108, 'EPOCHS': 1901, 'learning_rate': 0.002219321201267233}. Best is trial 6 with value: 0.043868139289719194.
mae=1.2157,mse=2.2014,r2=0.9105,rmse=1.4837,mape=0.0513
[I 2021-05-16 23:13:30,889] Trial 10 finished with value: 0.05130956656811865 and parameters: {'hidden_size': 177, 'residual_channel': 251, 'skip_channel': 80, 'dilation_depth': 3, 'BATCH_Size': 89, 'EPOCHS': 1521, 'learning_rate': 0.0002448612881071393}. Best is trial 6 with value: 0.043868139289719194.
mae=1.1280,mse=1.9592,r2=0.9204,rmse=1.3997,mape=0.0467
[I 2021-05-16 23:17:54,479] Trial 11 finished with value: 0.04673321504235664 and parameters: {'hidden_size': 177, 'residual_channel': 197, 'skip_channel': 26, 'dilation_depth': 1, 'BATCH_Size': 15, 'EPOCHS': 730, 'learning_rate': 0.00012622036206349712}. Best is trial 6 with value: 0.043868139289719194.
mae=1.0885,mse=1.8288,r2=0.9257,rmse=1.3523,mape=0.0450
[I 2021-05-16 23:18:23,442] Trial 12 finished with value: 0.04501670527747862 and parameters: {'hidden_size': 59, 'residual_channel': 145, 'skip_channel': 68, 'dilation_depth': 1, 'BATCH_Size': 73, 'EPOCHS': 286, 'learning_rate': 9.068762011645174e-05}. Best is trial 6 with value: 0.043868139289719194.
mae=1.1145,mse=1.8799,r2=0.9236,rmse=1.3711,mape=0.0465
[I 2021-05-16 23:19:08,309] Trial 13 finished with value: 0.04653325086927603 and parameters: {'hidden_size': 143, 'residual_channel': 228, 'skip_channel': 24, 'dilation_depth': 2, 'BATCH_Size': 117, 'EPOCHS': 202, 'learning_rate': 0.0004527926532437366}. Best is trial 6 with value: 0.043868139289719194.
mae=1.0993,mse=1.8398,r2=0.9252,rmse=1.3564,mape=0.0457
[I 2021-05-16 23:20:21,029] Trial 14 finished with value: 0.04568865981986306 and parameters: {'hidden_size': 116, 'residual_channel': 162, 'skip_channel': 100, 'dilation_depth': 1, 'BATCH_Size': 166, 'EPOCHS': 804, 'learning_rate': 4.025407437458512e-05}. Best is trial 6 with value: 0.043868139289719194.
mae=1.1869,mse=2.1155,r2=0.9140,rmse=1.4545,mape=0.0499
[I 2021-05-16 23:22:05,316] Trial 15 finished with value: 0.04992089028261595 and parameters: {'hidden_size': 17, 'residual_channel': 208, 'skip_channel': 53, 'dilation_depth': 2, 'BATCH_Size': 52, 'EPOCHS': 468, 'learning_rate': 0.000869614647693292}. Best is trial 6 with value: 0.043868139289719194.
mae=1.0859,mse=1.8185,r2=0.9261,rmse=1.3485,mape=0.0450
[I 2021-05-16 23:24:39,936] Trial 16 finished with value: 0.04497597049885608 and parameters: {'hidden_size': 73, 'residual_channel': 252, 'skip_channel': 31, 'dilation_depth': 1, 'BATCH_Size': 127, 'EPOCHS': 1379, 'learning_rate': 4.535351309457263e-05}. Best is trial 6 with value: 0.043868139289719194.
mae=1.1232,mse=1.9958,r2=0.9189,rmse=1.4127,mape=0.0463
[I 2021-05-16 23:29:25,287] Trial 17 finished with value: 0.046277496524930135 and parameters: {'hidden_size': 228, 'residual_channel': 226, 'skip_channel': 88, 'dilation_depth': 3, 'BATCH_Size': 79, 'EPOCHS': 743, 'learning_rate': 0.0002719488433005384}. Best is trial 6 with value: 0.043868139289719194.
mae=1.1892,mse=2.1036,r2=0.9145,rmse=1.4504,mape=0.0500
[I 2021-05-16 23:33:13,755] Trial 18 finished with value: 0.05004542076332652 and parameters: {'hidden_size': 168, 'residual_channel': 153, 'skip_channel': 112, 'dilation_depth': 2, 'BATCH_Size': 16, 'EPOCHS': 448, 'learning_rate': 4.727278917993455e-05}. Best is trial 6 with value: 0.043868139289719194.
mae=3.1868,mse=15.6634,r2=0.3635,rmse=3.9577,mape=0.1409
[I 2021-05-16 23:33:29,189] Trial 19 pruned.
mae=1.1532,mse=2.0495,r2=0.9167,rmse=1.4316,mape=0.0478
[I 2021-05-16 23:35:58,823] Trial 20 finished with value: 0.047842208810690505 and parameters: {'hidden_size': 120, 'residual_channel': 172, 'skip_channel': 56, 'dilation_depth': 2, 'BATCH_Size': 96, 'EPOCHS': 882, 'learning_rate': 0.0006180487429189145}. Best is trial 6 with value: 0.043868139289719194.
mae=1.0830,mse=1.8133,r2=0.9263,rmse=1.3466,mape=0.0448
[I 2021-05-16 23:38:38,851] Trial 21 finished with value: 0.04484314642015163 and parameters: {'hidden_size': 65, 'residual_channel': 253, 'skip_channel': 24, 'dilation_depth': 1, 'BATCH_Size': 133, 'EPOCHS': 1416, 'learning_rate': 3.654638133003549e-05}. Best is trial 6 with value: 0.043868139289719194.
mae=1.1451,mse=1.9677,r2=0.9200,rmse=1.4027,mape=0.0480
[I 2021-05-16 23:41:27,342] Trial 22 finished with value: 0.04804402029510813 and parameters: {'hidden_size': 69, 'residual_channel': 256, 'skip_channel': 27, 'dilation_depth': 1, 'BATCH_Size': 169, 'EPOCHS': 1622, 'learning_rate': 0.00010842470354393759}. Best is trial 6 with value: 0.043868139289719194.
mae=1.1868,mse=2.0784,r2=0.9155,rmse=1.4417,mape=0.0497
[I 2021-05-16 23:43:22,852] Trial 23 finished with value: 0.04974907165826399 and parameters: {'hidden_size': 30, 'residual_channel': 204, 'skip_channel': 46, 'dilation_depth': 1, 'BATCH_Size': 138, 'EPOCHS': 1265, 'learning_rate': 3.0140089212998482e-05}. Best is trial 6 with value: 0.043868139289719194.
mae=1.2187,mse=2.1501,r2=0.9126,rmse=1.4663,mape=0.0514
[I 2021-05-16 23:46:37,385] Trial 24 finished with value: 0.051432918455051886 and parameters: {'hidden_size': 52, 'residual_channel': 237, 'skip_channel': 71, 'dilation_depth': 1, 'BATCH_Size': 152, 'EPOCHS': 1735, 'learning_rate': 0.00018067858441211295}. Best is trial 6 with value: 0.043868139289719194.
mae=1.0730,mse=1.8353,r2=0.9254,rmse=1.3547,mape=0.0441
[I 2021-05-16 23:50:20,159] Trial 25 finished with value: 0.04409301799049827 and parameters: {'hidden_size': 92, 'residual_channel': 213, 'skip_channel': 35, 'dilation_depth': 2, 'BATCH_Size': 194, 'EPOCHS': 1355, 'learning_rate': 7.773908524114689e-05}. Best is trial 6 with value: 0.043868139289719194.
mae=1.0901,mse=1.8206,r2=0.9260,rmse=1.3493,mape=0.0450
[I 2021-05-16 23:53:19,183] Trial 26 finished with value: 0.04503777209876495 and parameters: {'hidden_size': 133, 'residual_channel': 212, 'skip_channel': 43, 'dilation_depth': 2, 'BATCH_Size': 188, 'EPOCHS': 1045, 'learning_rate': 7.643841330855984e-05}. Best is trial 6 with value: 0.043868139289719194.
mae=1.2030,mse=2.1532,r2=0.9125,rmse=1.4674,mape=0.0507
[I 2021-05-16 23:54:39,109] Trial 27 finished with value: 0.05074066155253006 and parameters: {'hidden_size': 95, 'residual_channel': 192, 'skip_channel': 64, 'dilation_depth': 2, 'BATCH_Size': 199, 'EPOCHS': 579, 'learning_rate': 0.0014170831088347352}. Best is trial 6 with value: 0.043868139289719194.
mae=1.3800,mse=2.8295,r2=0.8850,rmse=1.6821,mape=0.0577
[I 2021-05-16 23:55:57,354] Trial 28 finished with value: 0.05770855933272022 and parameters: {'hidden_size': 159, 'residual_channel': 128, 'skip_channel': 90, 'dilation_depth': 2, 'BATCH_Size': 177, 'EPOCHS': 653, 'learning_rate': 2.2828585060577644e-05}. Best is trial 6 with value: 0.043868139289719194.
mae=1.1203,mse=2.0285,r2=0.9176,rmse=1.4243,mape=0.0463
[I 2021-05-16 23:59:19,469] Trial 29 finished with value: 0.04631341451999448 and parameters: {'hidden_size': 88, 'residual_channel': 215, 'skip_channel': 123, 'dilation_depth': 2, 'BATCH_Size': 156, 'EPOCHS': 1227, 'learning_rate': 0.00033912149332577623}. Best is trial 6 with value: 0.043868139289719194.
mae=1.2143,mse=2.1649,r2=0.9120,rmse=1.4714,mape=0.0508
[I 2021-05-17 00:05:12,884] Trial 30 finished with value: 0.050814919637812705 and parameters: {'hidden_size': 130, 'residual_channel': 165, 'skip_channel': 38, 'dilation_depth': 3, 'BATCH_Size': 43, 'EPOCHS': 957, 'learning_rate': 0.00017609521419717015}. Best is trial 6 with value: 0.043868139289719194.
mae=1.0845,mse=1.8245,r2=0.9259,rmse=1.3507,mape=0.0448
[I 2021-05-17 00:09:36,852] Trial 31 finished with value: 0.044772254153977176 and parameters: {'hidden_size': 73, 'residual_channel': 240, 'skip_channel': 25, 'dilation_depth': 2, 'BATCH_Size': 114, 'EPOCHS': 1404, 'learning_rate': 6.454594809022071e-05}. Best is trial 6 with value: 0.043868139289719194.
mae=1.0720,mse=1.8285,r2=0.9257,rmse=1.3522,mape=0.0442
[I 2021-05-17 00:13:16,259] Trial 32 finished with value: 0.04416353213194255 and parameters: {'hidden_size': 81, 'residual_channel': 182, 'skip_channel': 38, 'dilation_depth': 2, 'BATCH_Size': 120, 'EPOCHS': 1351, 'learning_rate': 6.622235448129106e-05}. Best is trial 6 with value: 0.043868139289719194.
mae=1.1710,mse=2.0301,r2=0.9175,rmse=1.4248,mape=0.0491
[I 2021-05-17 00:17:53,807] Trial 33 finished with value: 0.049100957267640855 and parameters: {'hidden_size': 101, 'residual_channel': 185, 'skip_channel': 57, 'dilation_depth': 2, 'BATCH_Size': 64, 'EPOCHS': 1298, 'learning_rate': 1.0937683668204779e-05}. Best is trial 6 with value: 0.043868139289719194.
mae=6.4331,mse=61.0873,r2=-1.4823,rmse=7.8158,mape=0.2363
[I 2021-05-17 00:23:21,683] Trial 34 finished with value: 0.23629995751155272 and parameters: {'hidden_size': 83, 'residual_channel': 181, 'skip_channel': 37, 'dilation_depth': 2, 'BATCH_Size': 185, 'EPOCHS': 1580, 'learning_rate': 0.07055329243539658}. Best is trial 6 with value: 0.043868139289719194.
mae=1.0931,mse=1.8207,r2=0.9260,rmse=1.3493,mape=0.0453
[I 2021-05-17 00:27:36,847] Trial 35 finished with value: 0.045277653450235995 and parameters: {'hidden_size': 45, 'residual_channel': 197, 'skip_channel': 77, 'dilation_depth': 2, 'BATCH_Size': 166, 'EPOCHS': 1745, 'learning_rate': 2.172515199418256e-05}. Best is trial 6 with value: 0.043868139289719194.
mae=1.0980,mse=1.8445,r2=0.9250,rmse=1.3581,mape=0.0453
[I 2021-05-17 00:28:41,150] Trial 36 finished with value: 0.04531551425553618 and parameters: {'hidden_size': 111, 'residual_channel': 219, 'skip_channel': 44, 'dilation_depth': 2, 'BATCH_Size': 145, 'EPOCHS': 363, 'learning_rate': 0.00013265640671450242}. Best is trial 6 with value: 0.043868139289719194.
mae=1.1028,mse=1.8537,r2=0.9247,rmse=1.3615,mape=0.0459
[I 2021-05-17 00:32:45,274] Trial 37 finished with value: 0.04593225974970261 and parameters: {'hidden_size': 24, 'residual_channel': 94, 'skip_channel': 130, 'dilation_depth': 2, 'BATCH_Size': 30, 'EPOCHS': 1105, 'learning_rate': 6.094018732140938e-05}. Best is trial 6 with value: 0.043868139289719194.
[I 2021-05-17 00:36:02,811] Trial 38 finished with value: 0.04935226373823956 and parameters: {'hidden_size': 9, 'residual_channel': 170, 'skip_channel': 57, 'dilation_depth': 3, 'BATCH_Size': 200, 'EPOCHS': 1146, 'learning_rate': 2.391203435880829e-05}. Best is trial 6 with value: 0.043868139289719194.
mae=1.1950,mse=2.1334,r2=0.9133,rmse=1.4606,mape=0.0494
mae=1.1844,mse=2.1938,r2=0.9109,rmse=1.4811,mape=0.0491
[I 2021-05-17 00:37:55,282] Trial 39 finished with value: 0.04905708606338739 and parameters: {'hidden_size': 83, 'residual_channel': 135, 'skip_channel': 99, 'dilation_depth': 2, 'BATCH_Size': 174, 'EPOCHS': 994, 'learning_rate': 0.0024629282795634367}. Best is trial 6 with value: 0.043868139289719194.
mae=1.1381,mse=1.9459,r2=0.9209,rmse=1.3950,mape=0.0476
[I 2021-05-17 00:40:42,427] Trial 40 finished with value: 0.047577834045007254 and parameters: {'hidden_size': 199, 'residual_channel': 151, 'skip_channel': 188, 'dilation_depth': 2, 'BATCH_Size': 97, 'EPOCHS': 870, 'learning_rate': 0.00021223600902676692}. Best is trial 6 with value: 0.043868139289719194.
mae=1.1108,mse=1.8857,r2=0.9234,rmse=1.3732,mape=0.0463
[I 2021-05-17 00:45:13,243] Trial 41 finished with value: 0.04632051008963269 and parameters: {'hidden_size': 72, 'residual_channel': 240, 'skip_channel': 36, 'dilation_depth': 2, 'BATCH_Size': 117, 'EPOCHS': 1437, 'learning_rate': 7.028375073098275e-05}. Best is trial 6 with value: 0.043868139289719194.
mae=1.0680,mse=1.8328,r2=0.9255,rmse=1.3538,mape=0.0438
[I 2021-05-17 00:49:22,065] Trial 42 finished with value: 0.0438470927973728 and parameters: {'hidden_size': 39, 'residual_channel': 240, 'skip_channel': 27, 'dilation_depth': 2, 'BATCH_Size': 108, 'EPOCHS': 1352, 'learning_rate': 6.809179291212467e-05}. Best is trial 42 with value: 0.0438470927973728.
mae=1.1695,mse=2.0345,r2=0.9173,rmse=1.4263,mape=0.0492
[I 2021-05-17 00:53:16,396] Trial 43 finished with value: 0.04919228656485828 and parameters: {'hidden_size': 43, 'residual_channel': 193, 'skip_channel': 45, 'dilation_depth': 2, 'BATCH_Size': 83, 'EPOCHS': 1206, 'learning_rate': 0.00012136330077476799}. Best is trial 42 with value: 0.0438470927973728.
mae=1.1523,mse=2.0449,r2=0.9169,rmse=1.4300,mape=0.0483
[I 2021-05-17 00:57:17,245] Trial 44 finished with value: 0.0483273300552787 and parameters: {'hidden_size': 55, 'residual_channel': 226, 'skip_channel': 25, 'dilation_depth': 2, 'BATCH_Size': 127, 'EPOCHS': 1337, 'learning_rate': 0.0004049872372106218}. Best is trial 42 with value: 0.0438470927973728.
mae=1.1612,mse=2.0124,r2=0.9182,rmse=1.4186,mape=0.0487
[I 2021-05-17 01:01:41,412] Trial 45 finished with value: 0.04872842074567987 and parameters: {'hidden_size': 92, 'residual_channel': 203, 'skip_channel': 64, 'dilation_depth': 2, 'BATCH_Size': 103, 'EPOCHS': 1495, 'learning_rate': 8.537094143086617e-05}. Best is trial 42 with value: 0.0438470927973728.
mae=1.0867,mse=1.8268,r2=0.9258,rmse=1.3516,mape=0.0449
[I 2021-05-17 01:09:27,742] Trial 46 finished with value: 0.04493996777538612 and parameters: {'hidden_size': 121, 'residual_channel': 184, 'skip_channel': 50, 'dilation_depth': 3, 'BATCH_Size': 72, 'EPOCHS': 1636, 'learning_rate': 1.6377183123554626e-05}. Best is trial 42 with value: 0.0438470927973728.
mae=1.0806,mse=1.8260,r2=0.9258,rmse=1.3513,mape=0.0445
[I 2021-05-17 01:14:27,914] Trial 47 finished with value: 0.0444662764130564 and parameters: {'hidden_size': 104, 'residual_channel': 237, 'skip_channel': 34, 'dilation_depth': 2, 'BATCH_Size': 109, 'EPOCHS': 1492, 'learning_rate': 5.2830276179910566e-05}. Best is trial 42 with value: 0.0438470927973728.
mae=1.0882,mse=1.8187,r2=0.9261,rmse=1.3486,mape=0.0450
[I 2021-05-17 01:19:43,044] Trial 48 finished with value: 0.04501810077611392 and parameters: {'hidden_size': 35, 'residual_channel': 242, 'skip_channel': 34, 'dilation_depth': 2, 'BATCH_Size': 108, 'EPOCHS': 1545, 'learning_rate': 3.023222566550957e-05}. Best is trial 42 with value: 0.0438470927973728.
mae=1.0896,mse=1.8985,r2=0.9229,rmse=1.3779,mape=0.0449
[I 2021-05-17 01:23:42,768] Trial 49 finished with value: 0.044910975483645275 and parameters: {'hidden_size': 105, 'residual_channel': 221, 'skip_channel': 71, 'dilation_depth': 2, 'BATCH_Size': 125, 'EPOCHS': 1336, 'learning_rate': 0.00015733257447397378}. Best is trial 42 with value: 0.0438470927973728.
mae=1.1430,mse=1.9450,r2=0.9210,rmse=1.3946,mape=0.0476
[I 2021-05-17 01:29:27,317] Trial 50 finished with value: 0.047597520086981066 and parameters: {'hidden_size': 4, 'residual_channel': 238, 'skip_channel': 82, 'dilation_depth': 2, 'BATCH_Size': 92, 'EPOCHS': 1704, 'learning_rate': 4.801000135647221e-05}. Best is trial 42 with value: 0.0438470927973728.
mae=1.1451,mse=1.9472,r2=0.9209,rmse=1.3954,mape=0.0477
[I 2021-05-17 01:34:38,871] Trial 51 finished with value: 0.047731057579680866 and parameters: {'hidden_size': 79, 'residual_channel': 208, 'skip_channel': 29, 'dilation_depth': 2, 'BATCH_Size': 117, 'EPOCHS': 1818, 'learning_rate': 5.5519475531922685e-05}. Best is trial 42 with value: 0.0438470927973728.
mae=1.1415,mse=1.9433,r2=0.9210,rmse=1.3940,mape=0.0475
[I 2021-05-17 01:40:22,800] Trial 52 finished with value: 0.04754303170311918 and parameters: {'hidden_size': 144, 'residual_channel': 231, 'skip_channel': 24, 'dilation_depth': 2, 'BATCH_Size': 100, 'EPOCHS': 1491, 'learning_rate': 9.186149319641855e-05}. Best is trial 42 with value: 0.0438470927973728.
mae=1.1558,mse=1.9985,r2=0.9188,rmse=1.4137,mape=0.0479
[I 2021-05-17 01:43:59,170] Trial 53 finished with value: 0.04785087572106614 and parameters: {'hidden_size': 61, 'residual_channel': 215, 'skip_channel': 35, 'dilation_depth': 2, 'BATCH_Size': 112, 'EPOCHS': 1192, 'learning_rate': 1.634722422516087e-05}. Best is trial 42 with value: 0.0438470927973728.
mae=1.2400,mse=2.3716,r2=0.9036,rmse=1.5400,mape=0.0521
[I 2021-05-17 01:50:06,976] Trial 54 finished with value: 0.05209098710643759 and parameters: {'hidden_size': 114, 'residual_channel': 247, 'skip_channel': 54, 'dilation_depth': 2, 'BATCH_Size': 83, 'EPOCHS': 1445, 'learning_rate': 0.00030744565375903784}. Best is trial 42 with value: 0.0438470927973728.
mae=1.0673,mse=1.8016,r2=0.9268,rmse=1.3423,mape=0.0439
[I 2021-05-17 01:53:41,481] Trial 55 finished with value: 0.04390034210529765 and parameters: {'hidden_size': 125, 'residual_channel': 203, 'skip_channel': 42, 'dilation_depth': 2, 'BATCH_Size': 123, 'EPOCHS': 1277, 'learning_rate': 3.559316709688497e-05}. Best is trial 42 with value: 0.0438470927973728.
mae=1.0827,mse=1.8287,r2=0.9257,rmse=1.3523,mape=0.0447
[I 2021-05-17 01:57:33,038] Trial 56 finished with value: 0.0447142909162066 and parameters: {'hidden_size': 127, 'residual_channel': 201, 'skip_channel': 165, 'dilation_depth': 2, 'BATCH_Size': 134, 'EPOCHS': 1292, 'learning_rate': 4.017029753481905e-05}. Best is trial 42 with value: 0.0438470927973728.
mae=1.1595,mse=1.9996,r2=0.9187,rmse=1.4141,mape=0.0485
[I 2021-05-17 02:01:46,845] Trial 57 finished with value: 0.04851033707004331 and parameters: {'hidden_size': 137, 'residual_channel': 223, 'skip_channel': 61, 'dilation_depth': 2, 'BATCH_Size': 125, 'EPOCHS': 1371, 'learning_rate': 2.9963371603192178e-05}. Best is trial 42 with value: 0.0438470927973728.
mae=1.2193,mse=2.1688,r2=0.9119,rmse=1.4727,mape=0.0512
[I 2021-05-17 02:04:56,683] Trial 58 finished with value: 0.05120411920888822 and parameters: {'hidden_size': 102, 'residual_channel': 210, 'skip_channel': 50, 'dilation_depth': 2, 'BATCH_Size': 142, 'EPOCHS': 1103, 'learning_rate': 0.0005526372114653711}. Best is trial 42 with value: 0.0438470927973728.
mae=1.0851,mse=1.9612,r2=0.9203,rmse=1.4004,mape=0.0440
[I 2021-05-17 02:07:51,560] Trial 59 finished with value: 0.04404282493955791 and parameters: {'hidden_size': 93, 'residual_channel': 177, 'skip_channel': 41, 'dilation_depth': 2, 'BATCH_Size': 159, 'EPOCHS': 1248, 'learning_rate': 9.970383789510473e-05}. Best is trial 42 with value: 0.0438470927973728.
mae=1.1607,mse=2.0224,r2=0.9178,rmse=1.4221,mape=0.0484
