[I 2021-05-17 10:34:18,760] Trial 183 finished with value: 0.04492611272903891 and parameters: {'hidden_size': 228, 'residual_channel': 223, 'skip_channel': 29, 'dilation_depth': 2, 'BATCH_Size': 128, 'EPOCHS': 1488, 'learning_rate': 1.5887552559448662e-05}. Best is trial 96 with value: 0.04362292811216699.
mae=1.0763,mse=1.8055,r2=0.9266,rmse=1.3437,mape=0.0444
[I 2021-05-17 10:41:12,059] Trial 184 finished with value: 0.044385932239320386 and parameters: {'hidden_size': 250, 'residual_channel': 236, 'skip_channel': 24, 'dilation_depth': 2, 'BATCH_Size': 110, 'EPOCHS': 1341, 'learning_rate': 2.6629241695680338e-05}. Best is trial 96 with value: 0.04362292811216699.
mae=1.1067,mse=1.8560,r2=0.9246,rmse=1.3624,mape=0.0459
[I 2021-05-17 10:45:57,284] Trial 185 finished with value: 0.0459355471097213 and parameters: {'hidden_size': 33, 'residual_channel': 219, 'skip_channel': 36, 'dilation_depth': 2, 'BATCH_Size': 114, 'EPOCHS': 1258, 'learning_rate': 2.0998754152604783e-05}. Best is trial 96 with value: 0.04362292811216699.
mae=1.1273,mse=1.8860,r2=0.9234,rmse=1.3733,mape=0.0469
[I 2021-05-17 10:52:00,010] Trial 186 finished with value: 0.04689816627172417 and parameters: {'hidden_size': 247, 'residual_channel': 246, 'skip_channel': 40, 'dilation_depth': 2, 'BATCH_Size': 120, 'EPOCHS': 1370, 'learning_rate': 1.2660200300328765e-05}. Best is trial 96 with value: 0.04362292811216699.
mae=1.0699,mse=1.7987,r2=0.9269,rmse=1.3412,mape=0.0441
[I 2021-05-17 10:57:13,225] Trial 187 finished with value: 0.04409787787027882 and parameters: {'hidden_size': 242, 'residual_channel': 225, 'skip_channel': 46, 'dilation_depth': 2, 'BATCH_Size': 105, 'EPOCHS': 1281, 'learning_rate': 3.893059754970514e-05}. Best is trial 96 with value: 0.04362292811216699.
mae=1.0793,mse=1.8143,r2=0.9263,rmse=1.3470,mape=0.0446
[I 2021-05-17 11:01:37,665] Trial 188 pruned.
mae=1.0703,mse=1.8361,r2=0.9254,rmse=1.3550,mape=0.0440
[I 2021-05-17 11:08:51,886] Trial 189 finished with value: 0.04395696390118575 and parameters: {'hidden_size': 223, 'residual_channel': 239, 'skip_channel': 36, 'dilation_depth': 2, 'BATCH_Size': 95, 'EPOCHS': 1757, 'learning_rate': 3.991959542539148e-05}. Best is trial 96 with value: 0.04362292811216699.
mae=1.0773,mse=1.8083,r2=0.9265,rmse=1.3447,mape=0.0445
[I 2021-05-17 11:13:28,904] Trial 190 finished with value: 0.04446626583325746 and parameters: {'hidden_size': 56, 'residual_channel': 252, 'skip_channel': 28, 'dilation_depth': 2, 'BATCH_Size': 111, 'EPOCHS': 1318, 'learning_rate': 2.619063081855117e-05}. Best is trial 96 with value: 0.04362292811216699.
mae=1.0978,mse=1.8545,r2=0.9246,rmse=1.3618,mape=0.0454
[I 2021-05-17 11:18:19,901] Trial 191 finished with value: 0.045440228858516264 and parameters: {'hidden_size': 228, 'residual_channel': 218, 'skip_channel': 30, 'dilation_depth': 2, 'BATCH_Size': 101, 'EPOCHS': 1235, 'learning_rate': 4.735093398333575e-05}. Best is trial 96 with value: 0.04362292811216699.
mae=1.0702,mse=1.8098,r2=0.9265,rmse=1.3453,mape=0.0440
[I 2021-05-17 11:22:56,543] Trial 192 finished with value: 0.043983878377173685 and parameters: {'hidden_size': 238, 'residual_channel': 212, 'skip_channel': 24, 'dilation_depth': 2, 'BATCH_Size': 104, 'EPOCHS': 1260, 'learning_rate': 3.437348529142748e-05}. Best is trial 96 with value: 0.04362292811216699.
mae=1.0632,mse=1.8152,r2=0.9262,rmse=1.3473,mape=0.0436
[I 2021-05-17 11:27:08,307] Trial 193 finished with value: 0.04360548906454934 and parameters: {'hidden_size': 221, 'residual_channel': 198, 'skip_channel': 33, 'dilation_depth': 2, 'BATCH_Size': 108, 'EPOCHS': 1207, 'learning_rate': 3.977612340884102e-05}. Best is trial 193 with value: 0.04360548906454934.
mae=1.0805,mse=1.8194,r2=0.9261,rmse=1.3489,mape=0.0446
[I 2021-05-17 11:31:18,541] Trial 194 finished with value: 0.04464413550499264 and parameters: {'hidden_size': 223, 'residual_channel': 198, 'skip_channel': 53, 'dilation_depth': 2, 'BATCH_Size': 107, 'EPOCHS': 1188, 'learning_rate': 4.184308087045076e-05}. Best is trial 193 with value: 0.04360548906454934.
mae=1.1149,mse=2.0799,r2=0.9155,rmse=1.4422,mape=0.0452
[I 2021-05-17 11:34:39,270] Trial 195 finished with value: 0.04517998671553192 and parameters: {'hidden_size': 24, 'residual_channel': 206, 'skip_channel': 35, 'dilation_depth': 2, 'BATCH_Size': 117, 'EPOCHS': 1214, 'learning_rate': 3.020228794665709e-05}. Best is trial 193 with value: 0.04360548906454934.
[I 2021-05-17 11:40:18,883] Trial 196 finished with value: 0.0446524595929676 and parameters: {'hidden_size': 187, 'residual_channel': 193, 'skip_channel': 24, 'dilation_depth': 2, 'BATCH_Size': 97, 'EPOCHS': 1586, 'learning_rate': 2.3113204169383715e-05}. Best is trial 193 with value: 0.04360548906454934.
mae=1.0810,mse=1.8159,r2=0.9262,rmse=1.3476,mape=0.0447
mae=1.0735,mse=1.8194,r2=0.9261,rmse=1.3489,mape=0.0441
[I 2021-05-17 11:43:54,274] Trial 197 finished with value: 0.044051378893447166 and parameters: {'hidden_size': 227, 'residual_channel': 135, 'skip_channel': 40, 'dilation_depth': 2, 'BATCH_Size': 113, 'EPOCHS': 1296, 'learning_rate': 3.5679508668356454e-05}. Best is trial 193 with value: 0.04360548906454934.
mae=1.1842,mse=2.0967,r2=0.9148,rmse=1.4480,mape=0.0496
[I 2021-05-17 11:48:00,235] Trial 198 finished with value: 0.04958787390857587 and parameters: {'hidden_size': 220, 'residual_channel': 197, 'skip_channel': 44, 'dilation_depth': 2, 'BATCH_Size': 108, 'EPOCHS': 1164, 'learning_rate': 4.356085019227821e-05}. Best is trial 193 with value: 0.04360548906454934.
mae=1.0968,mse=1.8325,r2=0.9255,rmse=1.3537,mape=0.0454
[I 2021-05-17 11:53:45,320] Trial 199 finished with value: 0.04544054172478689 and parameters: {'hidden_size': 179, 'residual_channel': 234, 'skip_channel': 32, 'dilation_depth': 2, 'BATCH_Size': 91, 'EPOCHS': 1429, 'learning_rate': 1.8416686796527955e-05}. Best is trial 193 with value: 0.04360548906454934.
mae=1.0671,mse=1.8090,r2=0.9265,rmse=1.3450,mape=0.0439
[I 2021-05-17 11:57:53,980] Trial 200 finished with value: 0.04390933380629009 and parameters: {'hidden_size': 256, 'residual_channel': 189, 'skip_channel': 24, 'dilation_depth': 2, 'BATCH_Size': 99, 'EPOCHS': 1114, 'learning_rate': 7.148617804904605e-05}. Best is trial 193 with value: 0.04360548906454934.
mae=1.0884,mse=1.9884,r2=0.9192,rmse=1.4101,mape=0.0442
[I 2021-05-17 12:01:35,569] Trial 201 finished with value: 0.04416372466609926 and parameters: {'hidden_size': 233, 'residual_channel': 187, 'skip_channel': 24, 'dilation_depth': 2, 'BATCH_Size': 99, 'EPOCHS': 1083, 'learning_rate': 5.020539273423228e-05}. Best is trial 193 with value: 0.04360548906454934.
mae=1.0686,mse=1.8323,r2=0.9255,rmse=1.3536,mape=0.0438
[I 2021-05-17 12:05:31,992] Trial 202 finished with value: 0.043785356158034264 and parameters: {'hidden_size': 254, 'residual_channel': 202, 'skip_channel': 28, 'dilation_depth': 2, 'BATCH_Size': 105, 'EPOCHS': 1121, 'learning_rate': 6.894268055466497e-05}. Best is trial 193 with value: 0.04360548906454934.
mae=1.1002,mse=1.9047,r2=0.9226,rmse=1.3801,mape=0.0453
[I 2021-05-17 12:11:34,598] Trial 203 finished with value: 0.045312180171965866 and parameters: {'hidden_size': 256, 'residual_channel': 187, 'skip_channel': 24, 'dilation_depth': 2, 'BATCH_Size': 45, 'EPOCHS': 1129, 'learning_rate': 7.351260068230833e-05}. Best is trial 193 with value: 0.04360548906454934.
mae=1.1744,mse=2.0417,r2=0.9170,rmse=1.4289,mape=0.0492
[I 2021-05-17 12:15:13,949] Trial 204 finished with value: 0.049222659171378136 and parameters: {'hidden_size': 249, 'residual_channel': 200, 'skip_channel': 33, 'dilation_depth': 2, 'BATCH_Size': 108, 'EPOCHS': 1046, 'learning_rate': 6.856067500308852e-05}. Best is trial 193 with value: 0.04360548906454934.
mae=1.0754,mse=1.8375,r2=0.9253,rmse=1.3555,mape=0.0442
[I 2021-05-17 12:19:09,350] Trial 205 finished with value: 0.0442284473590237 and parameters: {'hidden_size': 241, 'residual_channel': 194, 'skip_channel': 37, 'dilation_depth': 2, 'BATCH_Size': 111, 'EPOCHS': 1095, 'learning_rate': 0.00010144043545744737}. Best is trial 193 with value: 0.04360548906454934.
mae=1.0730,mse=1.9096,r2=0.9224,rmse=1.3819,mape=0.0436
[I 2021-05-17 12:23:31,195] Trial 206 finished with value: 0.04362318138580638 and parameters: {'hidden_size': 256, 'residual_channel': 201, 'skip_channel': 29, 'dilation_depth': 2, 'BATCH_Size': 105, 'EPOCHS': 1178, 'learning_rate': 5.4941959670632005e-05}. Best is trial 193 with value: 0.04360548906454934.
mae=1.0680,mse=1.8350,r2=0.9254,rmse=1.3546,mape=0.0438
[I 2021-05-17 12:27:58,552] Trial 207 finished with value: 0.04380828439457744 and parameters: {'hidden_size': 256, 'residual_channel': 205, 'skip_channel': 30, 'dilation_depth': 2, 'BATCH_Size': 115, 'EPOCHS': 1193, 'learning_rate': 5.848000499463822e-05}. Best is trial 193 with value: 0.04360548906454934.
mae=1.2146,mse=2.4047,r2=0.9023,rmse=1.5507,mape=0.0492
[I 2021-05-17 12:32:16,541] Trial 208 pruned.
mae=1.1453,mse=1.9600,r2=0.9204,rmse=1.4000,mape=0.0478
[I 2021-05-17 12:36:24,334] Trial 209 finished with value: 0.04776640833706684 and parameters: {'hidden_size': 245, 'residual_channel': 200, 'skip_channel': 41, 'dilation_depth': 2, 'BATCH_Size': 116, 'EPOCHS': 1165, 'learning_rate': 3.392690755526481e-05}. Best is trial 193 with value: 0.04360548906454934.
mae=1.0991,mse=1.8521,r2=0.9247,rmse=1.3609,mape=0.0455
[I 2021-05-17 12:41:25,254] Trial 210 finished with value: 0.04549378576580527 and parameters: {'hidden_size': 252, 'residual_channel': 256, 'skip_channel': 29, 'dilation_depth': 2, 'BATCH_Size': 118, 'EPOCHS': 1203, 'learning_rate': 5.345510743656187e-05}. Best is trial 193 with value: 0.04360548906454934.
mae=1.0670,mse=1.8297,r2=0.9256,rmse=1.3527,mape=0.0439
[I 2021-05-17 12:45:45,106] Trial 211 finished with value: 0.043852574868881965 and parameters: {'hidden_size': 235, 'residual_channel': 207, 'skip_channel': 34, 'dilation_depth': 2, 'BATCH_Size': 107, 'EPOCHS': 1233, 'learning_rate': 5.58525137312286e-05}. Best is trial 193 with value: 0.04360548906454934.
mae=1.0838,mse=1.8237,r2=0.9259,rmse=1.3504,mape=0.0448
[I 2021-05-17 12:50:16,355] Trial 212 pruned.
mae=1.0833,mse=1.8163,r2=0.9262,rmse=1.3477,mape=0.0448
[I 2021-05-17 12:54:31,245] Trial 213 finished with value: 0.04479945093344804 and parameters: {'hidden_size': 228, 'residual_channel': 200, 'skip_channel': 31, 'dilation_depth': 2, 'BATCH_Size': 110, 'EPOCHS': 1217, 'learning_rate': 4.6077904547231835e-05}. Best is trial 193 with value: 0.04360548906454934.
mae=1.0740,mse=1.8848,r2=0.9234,rmse=1.3729,mape=0.0440
[I 2021-05-17 12:58:31,835] Trial 214 finished with value: 0.04396086124620167 and parameters: {'hidden_size': 246, 'residual_channel': 208, 'skip_channel': 24, 'dilation_depth': 2, 'BATCH_Size': 113, 'EPOCHS': 1142, 'learning_rate': 8.22667750071708e-05}. Best is trial 193 with value: 0.04360548906454934.
mae=4.3077,mse=29.7287,r2=-0.2080,rmse=5.4524,mape=0.1672
[I 2021-05-17 13:32:11,672] Trial 215 finished with value: 0.16718403828436612 and parameters: {'hidden_size': 231, 'residual_channel': 196, 'skip_channel': 50, 'dilation_depth': 2, 'BATCH_Size': 11, 'EPOCHS': 1244, 'learning_rate': 0.09418396775630695}. Best is trial 193 with value: 0.04360548906454934.
mae=1.0875,mse=1.8153,r2=0.9262,rmse=1.3473,mape=0.0450
[I 2021-05-17 13:36:16,914] Trial 216 pruned.
mae=1.0734,mse=1.8789,r2=0.9236,rmse=1.3707,mape=0.0438
[I 2021-05-17 13:40:15,498] Trial 217 finished with value: 0.04378777999023538 and parameters: {'hidden_size': 240, 'residual_channel': 202, 'skip_channel': 44, 'dilation_depth': 2, 'BATCH_Size': 105, 'EPOCHS': 1119, 'learning_rate': 3.765687708120363e-05}. Best is trial 193 with value: 0.04360548906454934.
mae=1.0722,mse=1.8150,r2=0.9262,rmse=1.3472,mape=0.0441
[I 2021-05-17 13:43:15,344] Trial 218 finished with value: 0.044092890460302195 and parameters: {'hidden_size': 13, 'residual_channel': 204, 'skip_channel': 48, 'dilation_depth': 2, 'BATCH_Size': 114, 'EPOCHS': 1108, 'learning_rate': 3.87256230254157e-05}. Best is trial 193 with value: 0.04360548906454934.
mae=1.0852,mse=1.8223,r2=0.9260,rmse=1.3499,mape=0.0448
[I 2021-05-17 13:47:06,599] Trial 219 finished with value: 0.04481255196987971 and parameters: {'hidden_size': 241, 'residual_channel': 196, 'skip_channel': 44, 'dilation_depth': 2, 'BATCH_Size': 103, 'EPOCHS': 1052, 'learning_rate': 5.633864002277548e-05}. Best is trial 193 with value: 0.04360548906454934.
mae=1.0838,mse=1.8161,r2=0.9262,rmse=1.3476,mape=0.0448
[I 2021-05-17 13:51:31,075] Trial 220 finished with value: 0.04475656637047662 and parameters: {'hidden_size': 249, 'residual_channel': 202, 'skip_channel': 40, 'dilation_depth': 2, 'BATCH_Size': 95, 'EPOCHS': 1150, 'learning_rate': 4.567345111937833e-05}. Best is trial 193 with value: 0.04360548906454934.
mae=1.1008,mse=1.8519,r2=0.9247,rmse=1.3608,mape=0.0456
[I 2021-05-17 13:55:45,249] Trial 221 pruned.
mae=1.1558,mse=1.9920,r2=0.9191,rmse=1.4114,mape=0.0482
[I 2021-05-17 13:59:52,484] Trial 222 finished with value: 0.04823794293394392 and parameters: {'hidden_size': 224, 'residual_channel': 209, 'skip_channel': 32, 'dilation_depth': 2, 'BATCH_Size': 105, 'EPOCHS': 1159, 'learning_rate': 3.0614257483888095e-05}. Best is trial 193 with value: 0.04360548906454934.
mae=1.0828,mse=1.8218,r2=0.9260,rmse=1.3497,mape=0.0447
[I 2021-05-17 14:04:30,114] Trial 223 pruned.
mae=1.0799,mse=1.8171,r2=0.9262,rmse=1.3480,mape=0.0445
[I 2021-05-17 14:08:25,175] Trial 224 finished with value: 0.044539307991241915 and parameters: {'hidden_size': 239, 'residual_channel': 192, 'skip_channel': 28, 'dilation_depth': 2, 'BATCH_Size': 105, 'EPOCHS': 1216, 'learning_rate': 3.947966462699044e-05}. Best is trial 193 with value: 0.04360548906454934.
mae=1.1108,mse=1.8593,r2=0.9244,rmse=1.3636,mape=0.0461
[I 2021-05-17 14:11:55,436] Trial 225 finished with value: 0.046080872453463956 and parameters: {'hidden_size': 49, 'residual_channel': 199, 'skip_channel': 36, 'dilation_depth': 2, 'BATCH_Size': 132, 'EPOCHS': 1332, 'learning_rate': 6.653736258280486e-05}. Best is trial 193 with value: 0.04360548906454934.
mae=1.0708,mse=1.8401,r2=0.9252,rmse=1.3565,mape=0.0438
[I 2021-05-17 14:16:34,504] Trial 226 finished with value: 0.04383063635285911 and parameters: {'hidden_size': 253, 'residual_channel': 226, 'skip_channel': 44, 'dilation_depth': 2, 'BATCH_Size': 102, 'EPOCHS': 1123, 'learning_rate': 2.91717293196333e-05}. Best is trial 193 with value: 0.04360548906454934.
mae=1.1104,mse=1.8673,r2=0.9241,rmse=1.3665,mape=0.0462
[I 2021-05-17 14:21:14,663] Trial 227 pruned.
mae=1.1565,mse=1.9974,r2=0.9188,rmse=1.4133,mape=0.0484
[I 2021-05-17 14:25:07,658] Trial 228 finished with value: 0.048389832789277665 and parameters: {'hidden_size': 246, 'residual_channel': 207, 'skip_channel': 53, 'dilation_depth': 2, 'BATCH_Size': 109, 'EPOCHS': 1077, 'learning_rate': 3.979297932967424e-05}. Best is trial 193 with value: 0.04360548906454934.
mae=1.1318,mse=1.9580,r2=0.9204,rmse=1.3993,mape=0.0469
[I 2021-05-17 14:29:17,130] Trial 229 finished with value: 0.04694967274652296 and parameters: {'hidden_size': 256, 'residual_channel': 200, 'skip_channel': 42, 'dilation_depth': 2, 'BATCH_Size': 119, 'EPOCHS': 1131, 'learning_rate': 5.958285318327601e-05}. Best is trial 193 with value: 0.04360548906454934.
mae=1.1259,mse=1.9071,r2=0.9225,rmse=1.3810,mape=0.0468
[I 2021-05-17 14:33:45,635] Trial 230 finished with value: 0.04680541849712128 and parameters: {'hidden_size': 214, 'residual_channel': 213, 'skip_channel': 57, 'dilation_depth': 2, 'BATCH_Size': 96, 'EPOCHS': 1170, 'learning_rate': 2.1418244774579356e-05}. Best is trial 193 with value: 0.04360548906454934.
mae=1.1034,mse=1.8360,r2=0.9254,rmse=1.3550,mape=0.0458
[I 2021-05-17 14:38:09,825] Trial 231 finished with value: 0.045765719595552576 and parameters: {'hidden_size': 127, 'residual_channel': 227, 'skip_channel': 38, 'dilation_depth': 2, 'BATCH_Size': 104, 'EPOCHS': 1249, 'learning_rate': 3.029078047660252e-05}. Best is trial 193 with value: 0.04360548906454934.
mae=1.2007,mse=2.1464,r2=0.9128,rmse=1.4651,mape=0.0498
[I 2021-05-17 14:39:53,924] Trial 232 finished with value: 0.04976600609304471 and parameters: {'hidden_size': 251, 'residual_channel': 230, 'skip_channel': 24, 'dilation_depth': 2, 'BATCH_Size': 103, 'EPOCHS': 433, 'learning_rate': 3.5240360265369953e-05}. Best is trial 193 with value: 0.04360548906454934.
mae=1.0713,mse=1.8068,r2=0.9266,rmse=1.3442,mape=0.0441
[I 2021-05-17 14:44:35,237] Trial 233 finished with value: 0.04414252885157657 and parameters: {'hidden_size': 233, 'residual_channel': 225, 'skip_channel': 34, 'dilation_depth': 2, 'BATCH_Size': 107, 'EPOCHS': 1192, 'learning_rate': 4.592754029838797e-05}. Best is trial 193 with value: 0.04360548906454934.
mae=1.0748,mse=1.8072,r2=0.9266,rmse=1.3443,mape=0.0443
[I 2021-05-17 14:49:08,867] Trial 234 pruned.
mae=1.0796,mse=1.8200,r2=0.9260,rmse=1.3491,mape=0.0445
[I 2021-05-17 14:53:09,431] Trial 235 finished with value: 0.04451580343566126 and parameters: {'hidden_size': 242, 'residual_channel': 203, 'skip_channel': 48, 'dilation_depth': 2, 'BATCH_Size': 102, 'EPOCHS': 1130, 'learning_rate': 3.912592231141726e-05}. Best is trial 193 with value: 0.04360548906454934.
mae=1.0780,mse=1.8204,r2=0.9260,rmse=1.3492,mape=0.0444
[I 2021-05-17 14:57:57,409] Trial 236 finished with value: 0.04444197623536207 and parameters: {'hidden_size': 226, 'residual_channel': 239, 'skip_channel': 43, 'dilation_depth': 2, 'BATCH_Size': 111, 'EPOCHS': 1230, 'learning_rate': 5.540538991312058e-05}. Best is trial 193 with value: 0.04360548906454934.
mae=1.1768,mse=2.0567,r2=0.9164,rmse=1.4341,mape=0.0494
[I 2021-05-17 15:01:45,224] Trial 237 pruned.
mae=1.2851,mse=2.4824,r2=0.8991,rmse=1.5755,mape=0.0532
[I 2021-05-17 15:02:48,783] Trial 238 finished with value: 0.05320077031111145 and parameters: {'hidden_size': 218, 'residual_channel': 248, 'skip_channel': 24, 'dilation_depth': 2, 'BATCH_Size': 100, 'EPOCHS': 255, 'learning_rate': 4.8383612306314295e-05}. Best is trial 193 with value: 0.04360548906454934.
mae=1.0966,mse=1.8657,r2=0.9242,rmse=1.3659,mape=0.0454
[I 2021-05-17 15:07:31,926] Trial 239 finished with value: 0.04538959753392155 and parameters: {'hidden_size': 234, 'residual_channel': 211, 'skip_channel': 35, 'dilation_depth': 2, 'BATCH_Size': 89, 'EPOCHS': 1211, 'learning_rate': 7.798060544845069e-05}. Best is trial 193 with value: 0.04360548906454934.
mae=1.0733,mse=1.8024,r2=0.9268,rmse=1.3425,mape=0.0443
[I 2021-05-17 15:11:08,331] Trial 240 finished with value: 0.04425741024804591 and parameters: {'hidden_size': 245, 'residual_channel': 195, 'skip_channel': 24, 'dilation_depth': 2, 'BATCH_Size': 106, 'EPOCHS': 996, 'learning_rate': 3.39394245025371e-05}. Best is trial 193 with value: 0.04360548906454934.
mae=1.0787,mse=1.8172,r2=0.9262,rmse=1.3480,mape=0.0445
[I 2021-05-17 15:15:32,088] Trial 241 finished with value: 0.04449331691397213 and parameters: {'hidden_size': 197, 'residual_channel': 209, 'skip_channel': 32, 'dilation_depth': 2, 'BATCH_Size': 103, 'EPOCHS': 1240, 'learning_rate': 5.9838311619031156e-05}. Best is trial 193 with value: 0.04360548906454934.
mae=1.1093,mse=1.8670,r2=0.9241,rmse=1.3664,mape=0.0460
[I 2021-05-17 15:20:08,424] Trial 242 pruned.
mae=1.0993,mse=1.8616,r2=0.9244,rmse=1.3644,mape=0.0454
[I 2021-05-17 15:24:30,467] Trial 243 finished with value: 0.04543952932770612 and parameters: {'hidden_size': 227, 'residual_channel': 206, 'skip_channel': 32, 'dilation_depth': 2, 'BATCH_Size': 98, 'EPOCHS': 1159, 'learning_rate': 4.033376830887647e-05}. Best is trial 193 with value: 0.04360548906454934.
mae=1.1379,mse=1.9391,r2=0.9212,rmse=1.3925,mape=0.0474
[I 2021-05-17 15:29:08,062] Trial 244 finished with value: 0.047390354735642924 and parameters: {'hidden_size': 219, 'residual_channel': 201, 'skip_channel': 28, 'dilation_depth': 2, 'BATCH_Size': 112, 'EPOCHS': 1322, 'learning_rate': 5.4655985779742053e-05}. Best is trial 193 with value: 0.04360548906454934.
mae=1.0704,mse=1.7986,r2=0.9269,rmse=1.3411,mape=0.0441
[I 2021-05-17 15:33:29,954] Trial 245 pruned.
mae=1.0935,mse=1.8339,r2=0.9255,rmse=1.3542,mape=0.0453
[I 2021-05-17 15:37:33,415] Trial 246 finished with value: 0.045317859374319834 and parameters: {'hidden_size': 115, 'residual_channel': 217, 'skip_channel': 42, 'dilation_depth': 2, 'BATCH_Size': 109, 'EPOCHS': 1206, 'learning_rate': 6.895691321191457e-05}. Best is trial 193 with value: 0.04360548906454934.
mae=1.1473,mse=1.9507,r2=0.9207,rmse=1.3967,mape=0.0479
[I 2021-05-17 15:42:43,196] Trial 247 pruned.
mae=1.0894,mse=1.8323,r2=0.9255,rmse=1.3536,mape=0.0451
[I 2021-05-17 15:48:52,837] Trial 248 finished with value: 0.045073303279429724 and parameters: {'hidden_size': 256, 'residual_channel': 206, 'skip_channel': 24, 'dilation_depth': 2, 'BATCH_Size': 116, 'EPOCHS': 1632, 'learning_rate': 4.4341771006898274e-05}. Best is trial 193 with value: 0.04360548906454934.
mae=1.0835,mse=1.8039,r2=0.9267,rmse=1.3431,mape=0.0448
[I 2021-05-17 15:52:29,336] Trial 249 finished with value: 0.04478403199134147 and parameters: {'hidden_size': 133, 'residual_channel': 197, 'skip_channel': 34, 'dilation_depth': 2, 'BATCH_Size': 106, 'EPOCHS': 1124, 'learning_rate': 3.6298832853065306e-05}. Best is trial 193 with value: 0.04360548906454934.
mae=1.0835,mse=1.8154,r2=0.9262,rmse=1.3474,mape=0.0448
[I 2021-05-17 15:56:47,136] Trial 250 pruned.
mae=1.0862,mse=1.9732,r2=0.9198,rmse=1.4047,mape=0.0441
[I 2021-05-17 16:00:38,664] Trial 251 finished with value: 0.04411975508516471 and parameters: {'hidden_size': 240, 'residual_channel': 203, 'skip_channel': 51, 'dilation_depth': 2, 'BATCH_Size': 110, 'EPOCHS': 1081, 'learning_rate': 5.440517636556874e-05}. Best is trial 193 with value: 0.04360548906454934.
mae=1.0782,mse=1.8527,r2=0.9247,rmse=1.3611,mape=0.0444
