[I 2021-05-17 05:43:06,268] Trial 121 finished with value: 0.04390265192804172 and parameters: {'hidden_size': 184, 'residual_channel': 210, 'skip_channel': 33, 'dilation_depth': 2, 'BATCH_Size': 103, 'EPOCHS': 1229, 'learning_rate': 5.549837713477329e-05}. Best is trial 96 with value: 0.04362292811216699.
mae=1.0725,mse=1.8401,r2=0.9252,rmse=1.3565,mape=0.0439
[I 2021-05-17 05:47:36,754] Trial 122 finished with value: 0.043931669956064484 and parameters: {'hidden_size': 212, 'residual_channel': 209, 'skip_channel': 24, 'dilation_depth': 2, 'BATCH_Size': 101, 'EPOCHS': 1237, 'learning_rate': 5.677092451290444e-05}. Best is trial 96 with value: 0.04362292811216699.
mae=1.0685,mse=1.8132,r2=0.9263,rmse=1.3465,mape=0.0439
[I 2021-05-17 05:51:57,848] Trial 123 finished with value: 0.0439109983063259 and parameters: {'hidden_size': 216, 'residual_channel': 211, 'skip_channel': 33, 'dilation_depth': 2, 'BATCH_Size': 102, 'EPOCHS': 1236, 'learning_rate': 5.170687197754038e-05}. Best is trial 96 with value: 0.04362292811216699.
mae=1.0883,mse=1.8325,r2=0.9255,rmse=1.3537,mape=0.0449
[I 2021-05-17 05:56:13,995] Trial 124 finished with value: 0.0449251432122914 and parameters: {'hidden_size': 209, 'residual_channel': 212, 'skip_channel': 24, 'dilation_depth': 2, 'BATCH_Size': 104, 'EPOCHS': 1233, 'learning_rate': 5.4181984615765373e-05}. Best is trial 96 with value: 0.04362292811216699.
mae=1.0792,mse=1.9058,r2=0.9226,rmse=1.3805,mape=0.0440
[I 2021-05-17 06:00:54,196] Trial 125 finished with value: 0.043982423071058735 and parameters: {'hidden_size': 200, 'residual_channel': 210, 'skip_channel': 32, 'dilation_depth': 2, 'BATCH_Size': 101, 'EPOCHS': 1284, 'learning_rate': 5.085631378377787e-05}. Best is trial 96 with value: 0.04362292811216699.
mae=1.0749,mse=1.8843,r2=0.9234,rmse=1.3727,mape=0.0439
[I 2021-05-17 06:05:19,073] Trial 126 finished with value: 0.04385631241915543 and parameters: {'hidden_size': 200, 'residual_channel': 210, 'skip_channel': 32, 'dilation_depth': 2, 'BATCH_Size': 102, 'EPOCHS': 1275, 'learning_rate': 4.981123794047321e-05}. Best is trial 96 with value: 0.04362292811216699.
mae=1.0668,mse=1.8153,r2=0.9262,rmse=1.3473,mape=0.0438
[I 2021-05-17 06:09:54,793] Trial 127 finished with value: 0.04377709074563968 and parameters: {'hidden_size': 203, 'residual_channel': 206, 'skip_channel': 31, 'dilation_depth': 2, 'BATCH_Size': 99, 'EPOCHS': 1273, 'learning_rate': 4.806334371503378e-05}. Best is trial 96 with value: 0.04362292811216699.
mae=1.0728,mse=1.8079,r2=0.9265,rmse=1.3446,mape=0.0441
[I 2021-05-17 06:14:25,479] Trial 128 finished with value: 0.04414308180114723 and parameters: {'hidden_size': 202, 'residual_channel': 208, 'skip_channel': 24, 'dilation_depth': 2, 'BATCH_Size': 100, 'EPOCHS': 1288, 'learning_rate': 2.7050178284772335e-05}. Best is trial 96 with value: 0.04362292811216699.
mae=1.1160,mse=1.8878,r2=0.9233,rmse=1.3740,mape=0.0463
[I 2021-05-17 06:19:42,799] Trial 129 finished with value: 0.046284132037713914 and parameters: {'hidden_size': 186, 'residual_channel': 225, 'skip_channel': 32, 'dilation_depth': 2, 'BATCH_Size': 94, 'EPOCHS': 1324, 'learning_rate': 4.693489752442035e-05}. Best is trial 96 with value: 0.04362292811216699.
mae=1.0697,mse=1.8414,r2=0.9252,rmse=1.3570,mape=0.0438
[I 2021-05-17 06:24:09,228] Trial 130 finished with value: 0.04375729393285962 and parameters: {'hidden_size': 218, 'residual_channel': 220, 'skip_channel': 30, 'dilation_depth': 2, 'BATCH_Size': 107, 'EPOCHS': 1218, 'learning_rate': 3.708350396018722e-05}. Best is trial 96 with value: 0.04362292811216699.
mae=1.0697,mse=1.8102,r2=0.9264,rmse=1.3454,mape=0.0440
[I 2021-05-17 06:28:29,943] Trial 131 finished with value: 0.04396739804908025 and parameters: {'hidden_size': 217, 'residual_channel': 218, 'skip_channel': 29, 'dilation_depth': 2, 'BATCH_Size': 106, 'EPOCHS': 1219, 'learning_rate': 3.6771456107641074e-05}. Best is trial 96 with value: 0.04362292811216699.
mae=1.0792,mse=1.8019,r2=0.9268,rmse=1.3424,mape=0.0446
[I 2021-05-17 06:33:07,302] Trial 132 finished with value: 0.04458188579035917 and parameters: {'hidden_size': 221, 'residual_channel': 219, 'skip_channel': 28, 'dilation_depth': 2, 'BATCH_Size': 108, 'EPOCHS': 1272, 'learning_rate': 2.4556419485578066e-05}. Best is trial 96 with value: 0.04362292811216699.
mae=1.0674,mse=1.8213,r2=0.9260,rmse=1.3496,mape=0.0438
[I 2021-05-17 06:38:05,675] Trial 133 finished with value: 0.04382614127519229 and parameters: {'hidden_size': 220, 'residual_channel': 256, 'skip_channel': 24, 'dilation_depth': 2, 'BATCH_Size': 100, 'EPOCHS': 1175, 'learning_rate': 3.403178713065322e-05}. Best is trial 96 with value: 0.04362292811216699.
mae=1.0676,mse=1.8197,r2=0.9261,rmse=1.3489,mape=0.0437
[I 2021-05-17 06:42:54,317] Trial 134 finished with value: 0.04373446433477031 and parameters: {'hidden_size': 222, 'residual_channel': 254, 'skip_channel': 24, 'dilation_depth': 2, 'BATCH_Size': 105, 'EPOCHS': 1160, 'learning_rate': 3.299925828374154e-05}. Best is trial 96 with value: 0.04362292811216699.
mae=1.1139,mse=1.8688,r2=0.9241,rmse=1.3670,mape=0.0462
[I 2021-05-17 06:48:12,448] Trial 135 finished with value: 0.046247478175871305 and parameters: {'hidden_size': 235, 'residual_channel': 255, 'skip_channel': 24, 'dilation_depth': 2, 'BATCH_Size': 87, 'EPOCHS': 1150, 'learning_rate': 3.183650572204016e-05}. Best is trial 96 with value: 0.04362292811216699.
mae=1.0847,mse=1.8136,r2=0.9263,rmse=1.3467,mape=0.0449
[I 2021-05-17 06:52:49,258] Trial 136 finished with value: 0.04490284063556373 and parameters: {'hidden_size': 192, 'residual_channel': 242, 'skip_channel': 24, 'dilation_depth': 2, 'BATCH_Size': 113, 'EPOCHS': 1184, 'learning_rate': 1.9994623477295035e-05}. Best is trial 96 with value: 0.04362292811216699.
mae=1.0793,mse=1.8055,r2=0.9266,rmse=1.3437,mape=0.0446
[I 2021-05-17 06:57:26,072] Trial 137 finished with value: 0.04461593446094474 and parameters: {'hidden_size': 213, 'residual_channel': 249, 'skip_channel': 42, 'dilation_depth': 2, 'BATCH_Size': 98, 'EPOCHS': 1092, 'learning_rate': 2.8350278214795394e-05}. Best is trial 96 with value: 0.04362292811216699.
mae=1.0779,mse=1.8042,r2=0.9267,rmse=1.3432,mape=0.0445
[I 2021-05-17 07:01:40,329] Trial 138 finished with value: 0.044496701226983466 and parameters: {'hidden_size': 230, 'residual_channel': 244, 'skip_channel': 115, 'dilation_depth': 2, 'BATCH_Size': 109, 'EPOCHS': 990, 'learning_rate': 3.812510251751561e-05}. Best is trial 96 with value: 0.04362292811216699.
mae=1.1355,mse=1.9392,r2=0.9212,rmse=1.3926,mape=0.0473
[I 2021-05-17 07:06:40,419] Trial 139 finished with value: 0.04732402926154127 and parameters: {'hidden_size': 225, 'residual_channel': 254, 'skip_channel': 28, 'dilation_depth': 2, 'BATCH_Size': 104, 'EPOCHS': 1255, 'learning_rate': 5.646597453791459e-05}. Best is trial 96 with value: 0.04362292811216699.
mae=1.0739,mse=1.8027,r2=0.9267,rmse=1.3426,mape=0.0443
[I 2021-05-17 07:11:33,367] Trial 140 finished with value: 0.044286712582155045 and parameters: {'hidden_size': 211, 'residual_channel': 234, 'skip_channel': 34, 'dilation_depth': 2, 'BATCH_Size': 80, 'EPOCHS': 1161, 'learning_rate': 2.439074396005602e-05}. Best is trial 96 with value: 0.04362292811216699.
mae=1.1006,mse=1.8460,r2=0.9250,rmse=1.3587,mape=0.0456
[I 2021-05-17 07:15:42,218] Trial 141 finished with value: 0.04559695971978353 and parameters: {'hidden_size': 217, 'residual_channel': 216, 'skip_channel': 28, 'dilation_depth': 2, 'BATCH_Size': 106, 'EPOCHS': 1204, 'learning_rate': 3.44889934105683e-05}. Best is trial 96 with value: 0.04362292811216699.
mae=1.1554,mse=1.9812,r2=0.9195,rmse=1.4075,mape=0.0482
[I 2021-05-17 07:19:56,259] Trial 142 finished with value: 0.048217228499376694 and parameters: {'hidden_size': 237, 'residual_channel': 204, 'skip_channel': 24, 'dilation_depth': 2, 'BATCH_Size': 117, 'EPOCHS': 1232, 'learning_rate': 3.996064992810063e-05}. Best is trial 96 with value: 0.04362292811216699.
mae=1.2224,mse=2.2642,r2=0.9080,rmse=1.5047,mape=0.0508
[I 2021-05-17 07:25:17,846] Trial 143 finished with value: 0.05076356090837247 and parameters: {'hidden_size': 206, 'residual_channel': 229, 'skip_channel': 31, 'dilation_depth': 2, 'BATCH_Size': 98, 'EPOCHS': 1322, 'learning_rate': 0.003297126546780065}. Best is trial 96 with value: 0.04362292811216699.
mae=1.1399,mse=1.9275,r2=0.9217,rmse=1.3884,mape=0.0476
[I 2021-05-17 07:29:40,650] Trial 144 pruned.
mae=1.0995,mse=1.8564,r2=0.9246,rmse=1.3625,mape=0.0456
[I 2021-05-17 07:33:45,122] Trial 145 pruned.
mae=1.0859,mse=1.8356,r2=0.9254,rmse=1.3549,mape=0.0448
[I 2021-05-17 07:37:35,736] Trial 146 finished with value: 0.04483410701069856 and parameters: {'hidden_size': 224, 'residual_channel': 216, 'skip_channel': 29, 'dilation_depth': 2, 'BATCH_Size': 112, 'EPOCHS': 1110, 'learning_rate': 6.404556063962082e-05}. Best is trial 96 with value: 0.04362292811216699.
mae=1.1488,mse=1.9597,r2=0.9204,rmse=1.3999,mape=0.0480
[I 2021-05-17 07:41:07,919] Trial 147 finished with value: 0.047974898820029456 and parameters: {'hidden_size': 205, 'residual_channel': 206, 'skip_channel': 24, 'dilation_depth': 2, 'BATCH_Size': 106, 'EPOCHS': 1068, 'learning_rate': 3.277648998356043e-05}. Best is trial 96 with value: 0.04362292811216699.
[I 2021-05-17 07:46:38,031] Trial 148 pruned.
mae=1.1049,mse=1.8563,r2=0.9246,rmse=1.3625,mape=0.0459
mae=1.1576,mse=1.9714,r2=0.9199,rmse=1.4041,mape=0.0482
[I 2021-05-17 07:49:30,763] Trial 149 finished with value: 0.0482349663101666 and parameters: {'hidden_size': 195, 'residual_channel': 236, 'skip_channel': 45, 'dilation_depth': 2, 'BATCH_Size': 101, 'EPOCHS': 726, 'learning_rate': 2.3531528503887215e-05}. Best is trial 96 with value: 0.04362292811216699.
mae=1.0755,mse=1.8082,r2=0.9265,rmse=1.3447,mape=0.0444
[I 2021-05-17 07:53:58,372] Trial 150 finished with value: 0.04435316282464817 and parameters: {'hidden_size': 184, 'residual_channel': 256, 'skip_channel': 39, 'dilation_depth': 2, 'BATCH_Size': 115, 'EPOCHS': 1196, 'learning_rate': 2.9280327202855235e-05}. Best is trial 96 with value: 0.04362292811216699.
[I 2021-05-17 07:58:26,150] Trial 151 finished with value: 0.04654781318094868 and parameters: {'hidden_size': 199, 'residual_channel': 201, 'skip_channel': 33, 'dilation_depth': 2, 'BATCH_Size': 101, 'EPOCHS': 1283, 'learning_rate': 5.219218537496145e-05}. Best is trial 96 with value: 0.04362292811216699.
mae=1.1201,mse=1.8856,r2=0.9234,rmse=1.3732,mape=0.0465
mae=1.0678,mse=1.8157,r2=0.9262,rmse=1.3475,mape=0.0438
[I 2021-05-17 08:02:58,267] Trial 152 finished with value: 0.043847270840189995 and parameters: {'hidden_size': 230, 'residual_channel': 210, 'skip_channel': 29, 'dilation_depth': 2, 'BATCH_Size': 110, 'EPOCHS': 1268, 'learning_rate': 4.8725174264705996e-05}. Best is trial 96 with value: 0.04362292811216699.
mae=1.0737,mse=1.8251,r2=0.9258,rmse=1.3509,mape=0.0443
[I 2021-05-17 08:07:28,918] Trial 153 finished with value: 0.0442698907109488 and parameters: {'hidden_size': 221, 'residual_channel': 221, 'skip_channel': 28, 'dilation_depth': 2, 'BATCH_Size': 109, 'EPOCHS': 1256, 'learning_rate': 6.335791902537639e-05}. Best is trial 96 with value: 0.04362292811216699.
mae=1.1449,mse=1.9709,r2=0.9199,rmse=1.4039,mape=0.0477
[I 2021-05-17 08:11:51,839] Trial 154 finished with value: 0.0476537828395292 and parameters: {'hidden_size': 232, 'residual_channel': 208, 'skip_channel': 36, 'dilation_depth': 2, 'BATCH_Size': 105, 'EPOCHS': 1312, 'learning_rate': 8.211348195058494e-05}. Best is trial 96 with value: 0.04362292811216699.
mae=1.2253,mse=2.2361,r2=0.9091,rmse=1.4953,mape=0.0508
[I 2021-05-17 08:16:09,273] Trial 155 finished with value: 0.050836255641188655 and parameters: {'hidden_size': 242, 'residual_channel': 197, 'skip_channel': 25, 'dilation_depth': 2, 'BATCH_Size': 120, 'EPOCHS': 1214, 'learning_rate': 1.0108786019939232e-05}. Best is trial 96 with value: 0.04362292811216699.
mae=1.0715,mse=1.8061,r2=0.9266,rmse=1.3439,mape=0.0442
[I 2021-05-17 08:20:56,618] Trial 156 finished with value: 0.04420880436541103 and parameters: {'hidden_size': 225, 'residual_channel': 191, 'skip_channel': 44, 'dilation_depth': 2, 'BATCH_Size': 92, 'EPOCHS': 1396, 'learning_rate': 3.617838297523142e-05}. Best is trial 96 with value: 0.04362292811216699.
mae=1.1089,mse=1.8719,r2=0.9239,rmse=1.3682,mape=0.0459
[I 2021-05-17 08:26:54,481] Trial 157 finished with value: 0.045933958151677716 and parameters: {'hidden_size': 209, 'residual_channel': 215, 'skip_channel': 31, 'dilation_depth': 2, 'BATCH_Size': 112, 'EPOCHS': 1691, 'learning_rate': 4.6138575495224444e-05}. Best is trial 96 with value: 0.04362292811216699.
mae=1.0749,mse=1.8834,r2=0.9235,rmse=1.3724,mape=0.0439
[I 2021-05-17 08:31:16,952] Trial 158 finished with value: 0.0439492737016297 and parameters: {'hidden_size': 219, 'residual_channel': 203, 'skip_channel': 39, 'dilation_depth': 2, 'BATCH_Size': 85, 'EPOCHS': 1145, 'learning_rate': 6.161164354776359e-05}. Best is trial 96 with value: 0.04362292811216699.
mae=1.0768,mse=1.8610,r2=0.9244,rmse=1.3642,mape=0.0445
[I 2021-05-17 08:35:42,928] Trial 159 finished with value: 0.044483767426903235 and parameters: {'hidden_size': 229, 'residual_channel': 203, 'skip_channel': 49, 'dilation_depth': 2, 'BATCH_Size': 81, 'EPOCHS': 1143, 'learning_rate': 8.947487334329218e-05}. Best is trial 96 with value: 0.04362292811216699.
mae=1.0895,mse=1.8324,r2=0.9255,rmse=1.3536,mape=0.0450
[I 2021-05-17 08:39:48,519] Trial 160 finished with value: 0.04503182137800699 and parameters: {'hidden_size': 239, 'residual_channel': 199, 'skip_channel': 39, 'dilation_depth': 2, 'BATCH_Size': 85, 'EPOCHS': 1031, 'learning_rate': 5.9680733860737e-05}. Best is trial 96 with value: 0.04362292811216699.
mae=1.0968,mse=1.8358,r2=0.9254,rmse=1.3549,mape=0.0454
[I 2021-05-17 08:44:11,517] Trial 161 finished with value: 0.04537307288255818 and parameters: {'hidden_size': 215, 'residual_channel': 209, 'skip_channel': 24, 'dilation_depth': 2, 'BATCH_Size': 96, 'EPOCHS': 1185, 'learning_rate': 4.5301761446333075e-05}. Best is trial 96 with value: 0.04362292811216699.
mae=1.1418,mse=1.9359,r2=0.9213,rmse=1.3914,mape=0.0476
[I 2021-05-17 08:49:29,065] Trial 162 finished with value: 0.047578176369513656 and parameters: {'hidden_size': 217, 'residual_channel': 213, 'skip_channel': 32, 'dilation_depth': 2, 'BATCH_Size': 76, 'EPOCHS': 1241, 'learning_rate': 3.6546037025919655e-05}. Best is trial 96 with value: 0.04362292811216699.
mae=1.0704,mse=1.8526,r2=0.9247,rmse=1.3611,mape=0.0438
[I 2021-05-17 08:53:34,103] Trial 163 finished with value: 0.043811704585744946 and parameters: {'hidden_size': 222, 'residual_channel': 194, 'skip_channel': 42, 'dilation_depth': 2, 'BATCH_Size': 89, 'EPOCHS': 1117, 'learning_rate': 5.5861657320547527e-05}. Best is trial 96 with value: 0.04362292811216699.
mae=1.0705,mse=1.8253,r2=0.9258,rmse=1.3510,mape=0.0441
[I 2021-05-17 08:57:01,865] Trial 164 finished with value: 0.044082649635979236 and parameters: {'hidden_size': 206, 'residual_channel': 193, 'skip_channel': 159, 'dilation_depth': 2, 'BATCH_Size': 90, 'EPOCHS': 913, 'learning_rate': 7.071425808146181e-05}. Best is trial 96 with value: 0.04362292811216699.
mae=1.0948,mse=1.8565,r2=0.9246,rmse=1.3625,mape=0.0453
[I 2021-05-17 09:01:54,509] Trial 165 finished with value: 0.04532888414769027 and parameters: {'hidden_size': 224, 'residual_channel': 204, 'skip_channel': 44, 'dilation_depth': 2, 'BATCH_Size': 65, 'EPOCHS': 1129, 'learning_rate': 5.6113030582001595e-05}. Best is trial 96 with value: 0.04362292811216699.
mae=1.0854,mse=1.8254,r2=0.9258,rmse=1.3511,mape=0.0448
[I 2021-05-17 09:06:13,136] Trial 166 finished with value: 0.044840467350406726 and parameters: {'hidden_size': 231, 'residual_channel': 195, 'skip_channel': 49, 'dilation_depth': 2, 'BATCH_Size': 86, 'EPOCHS': 1096, 'learning_rate': 4.6982170880164794e-05}. Best is trial 96 with value: 0.04362292811216699.
mae=1.0734,mse=1.8794,r2=0.9236,rmse=1.3709,mape=0.0441
[I 2021-05-17 09:10:22,900] Trial 167 finished with value: 0.04408995976840069 and parameters: {'hidden_size': 221, 'residual_channel': 201, 'skip_channel': 38, 'dilation_depth': 2, 'BATCH_Size': 98, 'EPOCHS': 1157, 'learning_rate': 8.671143303655462e-05}. Best is trial 96 with value: 0.04362292811216699.
mae=1.0828,mse=1.8385,r2=0.9253,rmse=1.3559,mape=0.0449
[I 2021-05-17 09:14:58,779] Trial 168 finished with value: 0.044878639421093165 and parameters: {'hidden_size': 209, 'residual_channel': 207, 'skip_channel': 56, 'dilation_depth': 2, 'BATCH_Size': 93, 'EPOCHS': 1264, 'learning_rate': 6.163134293527651e-05}. Best is trial 96 with value: 0.04362292811216699.
mae=1.0746,mse=1.7994,r2=0.9269,rmse=1.3414,mape=0.0443
[I 2021-05-17 09:19:38,173] Trial 169 finished with value: 0.044345620845395145 and parameters: {'hidden_size': 211, 'residual_channel': 250, 'skip_channel': 42, 'dilation_depth': 2, 'BATCH_Size': 118, 'EPOCHS': 1182, 'learning_rate': 2.9240393617531403e-05}. Best is trial 96 with value: 0.04362292811216699.
mae=1.1018,mse=1.8511,r2=0.9248,rmse=1.3606,mape=0.0457
[I 2021-05-17 09:25:37,818] Trial 170 finished with value: 0.04567477311117021 and parameters: {'hidden_size': 227, 'residual_channel': 190, 'skip_channel': 35, 'dilation_depth': 2, 'BATCH_Size': 109, 'EPOCHS': 1861, 'learning_rate': 2.1442235259056172e-05}. Best is trial 96 with value: 0.04362292811216699.
mae=1.0749,mse=1.8808,r2=0.9236,rmse=1.3714,mape=0.0438
[I 2021-05-17 09:30:02,479] Trial 171 finished with value: 0.04384432435108569 and parameters: {'hidden_size': 220, 'residual_channel': 218, 'skip_channel': 28, 'dilation_depth': 2, 'BATCH_Size': 104, 'EPOCHS': 1231, 'learning_rate': 4.0908492775319283e-05}. Best is trial 96 with value: 0.04362292811216699.
mae=1.0692,mse=1.8127,r2=0.9263,rmse=1.3464,mape=0.0439
[I 2021-05-17 09:34:41,206] Trial 172 finished with value: 0.04391022168611953 and parameters: {'hidden_size': 220, 'residual_channel': 210, 'skip_channel': 28, 'dilation_depth': 2, 'BATCH_Size': 102, 'EPOCHS': 1298, 'learning_rate': 4.22909913244618e-05}. Best is trial 96 with value: 0.04362292811216699.
mae=1.0766,mse=1.8167,r2=0.9262,rmse=1.3479,mape=0.0444
[I 2021-05-17 09:39:38,202] Trial 173 finished with value: 0.04443803169264747 and parameters: {'hidden_size': 204, 'residual_channel': 213, 'skip_channel': 27, 'dilation_depth': 2, 'BATCH_Size': 101, 'EPOCHS': 1302, 'learning_rate': 4.294170869361695e-05}. Best is trial 96 with value: 0.04362292811216699.
mae=1.0745,mse=1.8355,r2=0.9254,rmse=1.3548,mape=0.0442
[I 2021-05-17 09:45:36,702] Trial 174 finished with value: 0.044218529660450236 and parameters: {'hidden_size': 213, 'residual_channel': 222, 'skip_channel': 31, 'dilation_depth': 2, 'BATCH_Size': 98, 'EPOCHS': 1356, 'learning_rate': 5.1180586582069695e-05}. Best is trial 96 with value: 0.04362292811216699.
mae=1.0678,mse=1.8060,r2=0.9266,rmse=1.3439,mape=0.0439
[I 2021-05-17 09:50:32,847] Trial 175 finished with value: 0.04390176928742955 and parameters: {'hidden_size': 234, 'residual_channel': 228, 'skip_channel': 25, 'dilation_depth': 2, 'BATCH_Size': 105, 'EPOCHS': 1243, 'learning_rate': 3.0809345439704174e-05}. Best is trial 96 with value: 0.04362292811216699.
mae=1.0781,mse=1.8118,r2=0.9264,rmse=1.3460,mape=0.0445
[I 2021-05-17 09:55:42,377] Trial 176 finished with value: 0.04447863073958961 and parameters: {'hidden_size': 251, 'residual_channel': 228, 'skip_channel': 34, 'dilation_depth': 2, 'BATCH_Size': 106, 'EPOCHS': 1285, 'learning_rate': 2.6468217954418007e-05}. Best is trial 96 with value: 0.04362292811216699.
mae=1.0705,mse=1.8566,r2=0.9246,rmse=1.3626,mape=0.0437
[I 2021-05-17 10:00:51,820] Trial 177 finished with value: 0.04373309211747234 and parameters: {'hidden_size': 237, 'residual_channel': 225, 'skip_channel': 24, 'dilation_depth': 2, 'BATCH_Size': 114, 'EPOCHS': 1338, 'learning_rate': 3.3052411791165174e-05}. Best is trial 96 with value: 0.04362292811216699.
mae=1.0696,mse=1.8172,r2=0.9262,rmse=1.3480,mape=0.0439
[I 2021-05-17 10:07:56,593] Trial 178 finished with value: 0.043928259939596044 and parameters: {'hidden_size': 243, 'residual_channel': 244, 'skip_channel': 24, 'dilation_depth': 2, 'BATCH_Size': 109, 'EPOCHS': 1335, 'learning_rate': 3.169111436024894e-05}. Best is trial 96 with value: 0.04362292811216699.
mae=1.2071,mse=2.1396,r2=0.9131,rmse=1.4627,mape=0.0507
[I 2021-05-17 10:13:22,617] Trial 179 finished with value: 0.050695263271817705 and parameters: {'hidden_size': 233, 'residual_channel': 229, 'skip_channel': 24, 'dilation_depth': 2, 'BATCH_Size': 113, 'EPOCHS': 1411, 'learning_rate': 1.835885503483694e-05}. Best is trial 96 with value: 0.04362292811216699.
mae=1.0705,mse=1.8343,r2=0.9255,rmse=1.3544,mape=0.0438
[I 2021-05-17 10:18:13,616] Trial 180 finished with value: 0.04383469460721229 and parameters: {'hidden_size': 238, 'residual_channel': 240, 'skip_channel': 28, 'dilation_depth': 2, 'BATCH_Size': 125, 'EPOCHS': 1381, 'learning_rate': 2.196372064002576e-05}. Best is trial 96 with value: 0.04362292811216699.
mae=1.0715,mse=1.8190,r2=0.9261,rmse=1.3487,mape=0.0440
[I 2021-05-17 10:23:21,418] Trial 181 finished with value: 0.04396161994304004 and parameters: {'hidden_size': 238, 'residual_channel': 231, 'skip_channel': 27, 'dilation_depth': 2, 'BATCH_Size': 124, 'EPOCHS': 1384, 'learning_rate': 2.401134012297596e-05}. Best is trial 96 with value: 0.04362292811216699.
mae=1.1440,mse=1.9535,r2=0.9206,rmse=1.3977,mape=0.0477
[I 2021-05-17 10:28:43,615] Trial 182 finished with value: 0.047710012426683254 and parameters: {'hidden_size': 235, 'residual_channel': 241, 'skip_channel': 29, 'dilation_depth': 2, 'BATCH_Size': 116, 'EPOCHS': 1305, 'learning_rate': 3.351357455678688e-05}. Best is trial 96 with value: 0.04362292811216699.
mae=1.0864,mse=1.8161,r2=0.9262,rmse=1.3476,mape=0.0449
